<?xml version="1.0" encoding="UTF-8"?>
<testsuite name="com.pitter.domain.repository.MemberRepositoryTest" tests="26" skipped="0" failures="0" errors="0" timestamp="2022-01-14T16:53:11" hostname="jeongdaun-ui-MacBookAir.local" time="0.264">
  <properties/>
  <testcase name="save_fail_nickNae_null" classname="com.pitter.domain.repository.MemberRepositoryTest" time="0.013"/>
  <testcase name="save_fail_email_blank_white_space" classname="com.pitter.domain.repository.MemberRepositoryTest" time="0.006"/>
  <testcase name="save_fail_nickName_length_is_LessEqual_than_10" classname="com.pitter.domain.repository.MemberRepositoryTest" time="0.02"/>
  <testcase name="findById_fail_none_exist_id" classname="com.pitter.domain.repository.MemberRepositoryTest" time="0.036"/>
  <testcase name="findAll_success_no_data_return_Empty_List" classname="com.pitter.domain.repository.MemberRepositoryTest" time="0.013"/>
  <testcase name="findAll_success_exist_data" classname="com.pitter.domain.repository.MemberRepositoryTest" time="0.015"/>
  <testcase name="save_fail_password_contains_no_number" classname="com.pitter.domain.repository.MemberRepositoryTest" time="0.008"/>
  <testcase name="save_fail_email_empty_String" classname="com.pitter.domain.repository.MemberRepositoryTest" time="0.005"/>
  <testcase name="save_fail_email_No_At_Character" classname="com.pitter.domain.repository.MemberRepositoryTest" time="0.007"/>
  <testcase name="findById_success" classname="com.pitter.domain.repository.MemberRepositoryTest" time="0.007"/>
  <testcase name="save_fail_password_length_is_LessEqual_than_20" classname="com.pitter.domain.repository.MemberRepositoryTest" time="0.01"/>
  <testcase name="save_fail_password_null" classname="com.pitter.domain.repository.MemberRepositoryTest" time="0.006"/>
  <testcase name="save_success" classname="com.pitter.domain.repository.MemberRepositoryTest" time="0.007"/>
  <testcase name="findByEmail_success" classname="com.pitter.domain.repository.MemberRepositoryTest" time="0.016"/>
  <testcase name="save_fail_email_null" classname="com.pitter.domain.repository.MemberRepositoryTest" time="0.006"/>
  <testcase name="save_fail_password_length_is_GreaterEqual_than_8" classname="com.pitter.domain.repository.MemberRepositoryTest" time="0.007"/>
  <testcase name="save_fail_password_contains_no_special_character" classname="com.pitter.domain.repository.MemberRepositoryTest" time="0.005"/>
  <testcase name="save_fail_password_empty_String" classname="com.pitter.domain.repository.MemberRepositoryTest" time="0.005"/>
  <testcase name="save_fail_nickName_empty_String" classname="com.pitter.domain.repository.MemberRepositoryTest" time="0.006"/>
  <testcase name="save_fail_nickName_length_is_GreaterEqual_than_2" classname="com.pitter.domain.repository.MemberRepositoryTest" time="0.005"/>
  <testcase name="findByNickName_success_noneExistNickName" classname="com.pitter.domain.repository.MemberRepositoryTest" time="0.008"/>
  <testcase name="save_fail_password_blank_white_space" classname="com.pitter.domain.repository.MemberRepositoryTest" time="0.005"/>
  <testcase name="findByEmail_fail_NoneExistEmail" classname="com.pitter.domain.repository.MemberRepositoryTest" time="0.004"/>
  <testcase name="findByNickName_success" classname="com.pitter.domain.repository.MemberRepositoryTest" time="0.009"/>
  <testcase name="save_fail_nickName_blank_white_space" classname="com.pitter.domain.repository.MemberRepositoryTest" time="0.004"/>
  <testcase name="save_fail_password_contains_no_upper_case" classname="com.pitter.domain.repository.MemberRepositoryTest" time="0.005"/>
  <system-out><![CDATA[2022-01-15 01:53:11.793  INFO 11380 --- [    Test worker] o.s.t.c.transaction.TransactionContext   : Began transaction (1) for test context [DefaultTestContext@1c0f32ad testClass = MemberRepositoryTest, testInstance = com.pitter.domain.repository.MemberRepositoryTest@5a4833ab, testMethod = save_fail_nickNae_null@MemberRepositoryTest, testException = [null], mergedContextConfiguration = [WebMergedContextConfiguration@1a920154 testClass = MemberRepositoryTest, locations = '{}', classes = '{class com.pitter.Application}', contextInitializerClasses = '[]', activeProfiles = '{}', propertySourceLocations = '{}', propertySourceProperties = '{org.springframework.boot.test.context.SpringBootTestContextBootstrapper=true}', contextCustomizers = set[org.springframework.boot.test.autoconfigure.properties.PropertyMappingContextCustomizer@0, org.springframework.boot.test.autoconfigure.web.servlet.WebDriverContextCustomizerFactory$Customizer@2cc44ad, org.springframework.boot.test.context.filter.ExcludeFilterContextCustomizer@6ebf0f36, org.springframework.boot.test.json.DuplicateJsonObjectContextCustomizerFactory$DuplicateJsonObjectContextCustomizer@72c28d64, org.springframework.boot.test.mock.mockito.MockitoContextCustomizer@0, org.springframework.boot.test.web.client.TestRestTemplateContextCustomizer@7216fb24], resourceBasePath = 'src/main/webapp', contextLoader = 'org.springframework.boot.test.context.SpringBootContextLoader', parent = [null]], attributes = map['org.springframework.test.context.web.ServletTestExecutionListener.activateListener' -> true, 'org.springframework.test.context.web.ServletTestExecutionListener.populatedRequestContextHolder' -> true, 'org.springframework.test.context.web.ServletTestExecutionListener.resetRequestContextHolder' -> true]]; transaction manager [org.springframework.orm.jpa.JpaTransactionManager@7e474bd]; rollback [true]
Hibernate: 
    call next value for hibernate_sequence
2022-01-15 01:53:11.804  INFO 11380 --- [    Test worker] o.s.t.c.transaction.TransactionContext   : Rolled back transaction for test: [DefaultTestContext@1c0f32ad testClass = MemberRepositoryTest, testInstance = com.pitter.domain.repository.MemberRepositoryTest@5a4833ab, testMethod = save_fail_nickNae_null@MemberRepositoryTest, testException = [null], mergedContextConfiguration = [WebMergedContextConfiguration@1a920154 testClass = MemberRepositoryTest, locations = '{}', classes = '{class com.pitter.Application}', contextInitializerClasses = '[]', activeProfiles = '{}', propertySourceLocations = '{}', propertySourceProperties = '{org.springframework.boot.test.context.SpringBootTestContextBootstrapper=true}', contextCustomizers = set[org.springframework.boot.test.autoconfigure.properties.PropertyMappingContextCustomizer@0, org.springframework.boot.test.autoconfigure.web.servlet.WebDriverContextCustomizerFactory$Customizer@2cc44ad, org.springframework.boot.test.context.filter.ExcludeFilterContextCustomizer@6ebf0f36, org.springframework.boot.test.json.DuplicateJsonObjectContextCustomizerFactory$DuplicateJsonObjectContextCustomizer@72c28d64, org.springframework.boot.test.mock.mockito.MockitoContextCustomizer@0, org.springframework.boot.test.web.client.TestRestTemplateContextCustomizer@7216fb24], resourceBasePath = 'src/main/webapp', contextLoader = 'org.springframework.boot.test.context.SpringBootContextLoader', parent = [null]], attributes = map['org.springframework.test.context.web.ServletTestExecutionListener.activateListener' -> true, 'org.springframework.test.context.web.ServletTestExecutionListener.populatedRequestContextHolder' -> true, 'org.springframework.test.context.web.ServletTestExecutionListener.resetRequestContextHolder' -> true]]
2022-01-15 01:53:11.809  INFO 11380 --- [    Test worker] o.s.t.c.transaction.TransactionContext   : Began transaction (1) for test context [DefaultTestContext@1c0f32ad testClass = MemberRepositoryTest, testInstance = com.pitter.domain.repository.MemberRepositoryTest@3220ffb, testMethod = save_fail_email_blank_white_space@MemberRepositoryTest, testException = [null], mergedContextConfiguration = [WebMergedContextConfiguration@1a920154 testClass = MemberRepositoryTest, locations = '{}', classes = '{class com.pitter.Application}', contextInitializerClasses = '[]', activeProfiles = '{}', propertySourceLocations = '{}', propertySourceProperties = '{org.springframework.boot.test.context.SpringBootTestContextBootstrapper=true}', contextCustomizers = set[org.springframework.boot.test.autoconfigure.properties.PropertyMappingContextCustomizer@0, org.springframework.boot.test.autoconfigure.web.servlet.WebDriverContextCustomizerFactory$Customizer@2cc44ad, org.springframework.boot.test.context.filter.ExcludeFilterContextCustomizer@6ebf0f36, org.springframework.boot.test.json.DuplicateJsonObjectContextCustomizerFactory$DuplicateJsonObjectContextCustomizer@72c28d64, org.springframework.boot.test.mock.mockito.MockitoContextCustomizer@0, org.springframework.boot.test.web.client.TestRestTemplateContextCustomizer@7216fb24], resourceBasePath = 'src/main/webapp', contextLoader = 'org.springframework.boot.test.context.SpringBootContextLoader', parent = [null]], attributes = map['org.springframework.test.context.web.ServletTestExecutionListener.activateListener' -> true, 'org.springframework.test.context.web.ServletTestExecutionListener.populatedRequestContextHolder' -> true, 'org.springframework.test.context.web.ServletTestExecutionListener.resetRequestContextHolder' -> true]]; transaction manager [org.springframework.orm.jpa.JpaTransactionManager@7e474bd]; rollback [true]
Hibernate: 
    call next value for hibernate_sequence
2022-01-15 01:53:11.814  INFO 11380 --- [    Test worker] o.s.t.c.transaction.TransactionContext   : Rolled back transaction for test: [DefaultTestContext@1c0f32ad testClass = MemberRepositoryTest, testInstance = com.pitter.domain.repository.MemberRepositoryTest@3220ffb, testMethod = save_fail_email_blank_white_space@MemberRepositoryTest, testException = [null], mergedContextConfiguration = [WebMergedContextConfiguration@1a920154 testClass = MemberRepositoryTest, locations = '{}', classes = '{class com.pitter.Application}', contextInitializerClasses = '[]', activeProfiles = '{}', propertySourceLocations = '{}', propertySourceProperties = '{org.springframework.boot.test.context.SpringBootTestContextBootstrapper=true}', contextCustomizers = set[org.springframework.boot.test.autoconfigure.properties.PropertyMappingContextCustomizer@0, org.springframework.boot.test.autoconfigure.web.servlet.WebDriverContextCustomizerFactory$Customizer@2cc44ad, org.springframework.boot.test.context.filter.ExcludeFilterContextCustomizer@6ebf0f36, org.springframework.boot.test.json.DuplicateJsonObjectContextCustomizerFactory$DuplicateJsonObjectContextCustomizer@72c28d64, org.springframework.boot.test.mock.mockito.MockitoContextCustomizer@0, org.springframework.boot.test.web.client.TestRestTemplateContextCustomizer@7216fb24], resourceBasePath = 'src/main/webapp', contextLoader = 'org.springframework.boot.test.context.SpringBootContextLoader', parent = [null]], attributes = map['org.springframework.test.context.web.ServletTestExecutionListener.activateListener' -> true, 'org.springframework.test.context.web.ServletTestExecutionListener.populatedRequestContextHolder' -> true, 'org.springframework.test.context.web.ServletTestExecutionListener.resetRequestContextHolder' -> true]]
2022-01-15 01:53:11.818  INFO 11380 --- [    Test worker] o.s.t.c.transaction.TransactionContext   : Began transaction (1) for test context [DefaultTestContext@1c0f32ad testClass = MemberRepositoryTest, testInstance = com.pitter.domain.repository.MemberRepositoryTest@66d9c846, testMethod = save_fail_nickName_length_is_LessEqual_than_10@MemberRepositoryTest, testException = [null], mergedContextConfiguration = [WebMergedContextConfiguration@1a920154 testClass = MemberRepositoryTest, locations = '{}', classes = '{class com.pitter.Application}', contextInitializerClasses = '[]', activeProfiles = '{}', propertySourceLocations = '{}', propertySourceProperties = '{org.springframework.boot.test.context.SpringBootTestContextBootstrapper=true}', contextCustomizers = set[org.springframework.boot.test.autoconfigure.properties.PropertyMappingContextCustomizer@0, org.springframework.boot.test.autoconfigure.web.servlet.WebDriverContextCustomizerFactory$Customizer@2cc44ad, org.springframework.boot.test.context.filter.ExcludeFilterContextCustomizer@6ebf0f36, org.springframework.boot.test.json.DuplicateJsonObjectContextCustomizerFactory$DuplicateJsonObjectContextCustomizer@72c28d64, org.springframework.boot.test.mock.mockito.MockitoContextCustomizer@0, org.springframework.boot.test.web.client.TestRestTemplateContextCustomizer@7216fb24], resourceBasePath = 'src/main/webapp', contextLoader = 'org.springframework.boot.test.context.SpringBootContextLoader', parent = [null]], attributes = map['org.springframework.test.context.web.ServletTestExecutionListener.activateListener' -> true, 'org.springframework.test.context.web.ServletTestExecutionListener.populatedRequestContextHolder' -> true, 'org.springframework.test.context.web.ServletTestExecutionListener.resetRequestContextHolder' -> true]]; transaction manager [org.springframework.orm.jpa.JpaTransactionManager@7e474bd]; rollback [true]
Hibernate: 
    call next value for hibernate_sequence
2022-01-15 01:53:11.834  INFO 11380 --- [    Test worker] o.s.t.c.transaction.TransactionContext   : Rolled back transaction for test: [DefaultTestContext@1c0f32ad testClass = MemberRepositoryTest, testInstance = com.pitter.domain.repository.MemberRepositoryTest@66d9c846, testMethod = save_fail_nickName_length_is_LessEqual_than_10@MemberRepositoryTest, testException = [null], mergedContextConfiguration = [WebMergedContextConfiguration@1a920154 testClass = MemberRepositoryTest, locations = '{}', classes = '{class com.pitter.Application}', contextInitializerClasses = '[]', activeProfiles = '{}', propertySourceLocations = '{}', propertySourceProperties = '{org.springframework.boot.test.context.SpringBootTestContextBootstrapper=true}', contextCustomizers = set[org.springframework.boot.test.autoconfigure.properties.PropertyMappingContextCustomizer@0, org.springframework.boot.test.autoconfigure.web.servlet.WebDriverContextCustomizerFactory$Customizer@2cc44ad, org.springframework.boot.test.context.filter.ExcludeFilterContextCustomizer@6ebf0f36, org.springframework.boot.test.json.DuplicateJsonObjectContextCustomizerFactory$DuplicateJsonObjectContextCustomizer@72c28d64, org.springframework.boot.test.mock.mockito.MockitoContextCustomizer@0, org.springframework.boot.test.web.client.TestRestTemplateContextCustomizer@7216fb24], resourceBasePath = 'src/main/webapp', contextLoader = 'org.springframework.boot.test.context.SpringBootContextLoader', parent = [null]], attributes = map['org.springframework.test.context.web.ServletTestExecutionListener.activateListener' -> true, 'org.springframework.test.context.web.ServletTestExecutionListener.populatedRequestContextHolder' -> true, 'org.springframework.test.context.web.ServletTestExecutionListener.resetRequestContextHolder' -> true]]
2022-01-15 01:53:11.842  INFO 11380 --- [    Test worker] o.s.t.c.transaction.TransactionContext   : Began transaction (1) for test context [DefaultTestContext@1c0f32ad testClass = MemberRepositoryTest, testInstance = com.pitter.domain.repository.MemberRepositoryTest@67726dd1, testMethod = findById_fail_none_exist_id@MemberRepositoryTest, testException = [null], mergedContextConfiguration = [WebMergedContextConfiguration@1a920154 testClass = MemberRepositoryTest, locations = '{}', classes = '{class com.pitter.Application}', contextInitializerClasses = '[]', activeProfiles = '{}', propertySourceLocations = '{}', propertySourceProperties = '{org.springframework.boot.test.context.SpringBootTestContextBootstrapper=true}', contextCustomizers = set[org.springframework.boot.test.autoconfigure.properties.PropertyMappingContextCustomizer@0, org.springframework.boot.test.autoconfigure.web.servlet.WebDriverContextCustomizerFactory$Customizer@2cc44ad, org.springframework.boot.test.context.filter.ExcludeFilterContextCustomizer@6ebf0f36, org.springframework.boot.test.json.DuplicateJsonObjectContextCustomizerFactory$DuplicateJsonObjectContextCustomizer@72c28d64, org.springframework.boot.test.mock.mockito.MockitoContextCustomizer@0, org.springframework.boot.test.web.client.TestRestTemplateContextCustomizer@7216fb24], resourceBasePath = 'src/main/webapp', contextLoader = 'org.springframework.boot.test.context.SpringBootContextLoader', parent = [null]], attributes = map['org.springframework.test.context.web.ServletTestExecutionListener.activateListener' -> true, 'org.springframework.test.context.web.ServletTestExecutionListener.populatedRequestContextHolder' -> true, 'org.springframework.test.context.web.ServletTestExecutionListener.resetRequestContextHolder' -> true]]; transaction manager [org.springframework.orm.jpa.JpaTransactionManager@7e474bd]; rollback [true]
Hibernate: 
    call next value for hibernate_sequence
Hibernate: 
    insert 
    into
        member
        (created_by, created_date, last_modified_by, last_modified_date, email, nick_name, member_id) 
    values
        (?, ?, ?, ?, ?, ?, ?)
Hibernate: 
    select
        member0_.member_id as member_i1_1_0_,
        member0_.created_by as created_2_1_0_,
        member0_.created_date as created_3_1_0_,
        member0_.last_modified_by as last_mod4_1_0_,
        member0_.last_modified_date as last_mod5_1_0_,
        member0_.email as email6_1_0_,
        member0_.nick_name as nick_nam7_1_0_ 
    from
        member member0_ 
    where
        member0_.member_id=?
2022-01-15 01:53:11.873  INFO 11380 --- [    Test worker] o.s.t.c.transaction.TransactionContext   : Rolled back transaction for test: [DefaultTestContext@1c0f32ad testClass = MemberRepositoryTest, testInstance = com.pitter.domain.repository.MemberRepositoryTest@67726dd1, testMethod = findById_fail_none_exist_id@MemberRepositoryTest, testException = [null], mergedContextConfiguration = [WebMergedContextConfiguration@1a920154 testClass = MemberRepositoryTest, locations = '{}', classes = '{class com.pitter.Application}', contextInitializerClasses = '[]', activeProfiles = '{}', propertySourceLocations = '{}', propertySourceProperties = '{org.springframework.boot.test.context.SpringBootTestContextBootstrapper=true}', contextCustomizers = set[org.springframework.boot.test.autoconfigure.properties.PropertyMappingContextCustomizer@0, org.springframework.boot.test.autoconfigure.web.servlet.WebDriverContextCustomizerFactory$Customizer@2cc44ad, org.springframework.boot.test.context.filter.ExcludeFilterContextCustomizer@6ebf0f36, org.springframework.boot.test.json.DuplicateJsonObjectContextCustomizerFactory$DuplicateJsonObjectContextCustomizer@72c28d64, org.springframework.boot.test.mock.mockito.MockitoContextCustomizer@0, org.springframework.boot.test.web.client.TestRestTemplateContextCustomizer@7216fb24], resourceBasePath = 'src/main/webapp', contextLoader = 'org.springframework.boot.test.context.SpringBootContextLoader', parent = [null]], attributes = map['org.springframework.test.context.web.ServletTestExecutionListener.activateListener' -> true, 'org.springframework.test.context.web.ServletTestExecutionListener.populatedRequestContextHolder' -> true, 'org.springframework.test.context.web.ServletTestExecutionListener.resetRequestContextHolder' -> true]]
2022-01-15 01:53:11.877  INFO 11380 --- [    Test worker] o.s.t.c.transaction.TransactionContext   : Began transaction (1) for test context [DefaultTestContext@1c0f32ad testClass = MemberRepositoryTest, testInstance = com.pitter.domain.repository.MemberRepositoryTest@2b3ac26d, testMethod = findAll_success_no_data_return_Empty_List@MemberRepositoryTest, testException = [null], mergedContextConfiguration = [WebMergedContextConfiguration@1a920154 testClass = MemberRepositoryTest, locations = '{}', classes = '{class com.pitter.Application}', contextInitializerClasses = '[]', activeProfiles = '{}', propertySourceLocations = '{}', propertySourceProperties = '{org.springframework.boot.test.context.SpringBootTestContextBootstrapper=true}', contextCustomizers = set[org.springframework.boot.test.autoconfigure.properties.PropertyMappingContextCustomizer@0, org.springframework.boot.test.autoconfigure.web.servlet.WebDriverContextCustomizerFactory$Customizer@2cc44ad, org.springframework.boot.test.context.filter.ExcludeFilterContextCustomizer@6ebf0f36, org.springframework.boot.test.json.DuplicateJsonObjectContextCustomizerFactory$DuplicateJsonObjectContextCustomizer@72c28d64, org.springframework.boot.test.mock.mockito.MockitoContextCustomizer@0, org.springframework.boot.test.web.client.TestRestTemplateContextCustomizer@7216fb24], resourceBasePath = 'src/main/webapp', contextLoader = 'org.springframework.boot.test.context.SpringBootContextLoader', parent = [null]], attributes = map['org.springframework.test.context.web.ServletTestExecutionListener.activateListener' -> true, 'org.springframework.test.context.web.ServletTestExecutionListener.populatedRequestContextHolder' -> true, 'org.springframework.test.context.web.ServletTestExecutionListener.resetRequestContextHolder' -> true]]; transaction manager [org.springframework.orm.jpa.JpaTransactionManager@7e474bd]; rollback [true]
Hibernate: 
    select
        member0_.member_id as member_i1_1_,
        member0_.created_by as created_2_1_,
        member0_.created_date as created_3_1_,
        member0_.last_modified_by as last_mod4_1_,
        member0_.last_modified_date as last_mod5_1_,
        member0_.email as email6_1_,
        member0_.nick_name as nick_nam7_1_ 
    from
        member member0_
2022-01-15 01:53:11.888  INFO 11380 --- [    Test worker] o.s.t.c.transaction.TransactionContext   : Rolled back transaction for test: [DefaultTestContext@1c0f32ad testClass = MemberRepositoryTest, testInstance = com.pitter.domain.repository.MemberRepositoryTest@2b3ac26d, testMethod = findAll_success_no_data_return_Empty_List@MemberRepositoryTest, testException = [null], mergedContextConfiguration = [WebMergedContextConfiguration@1a920154 testClass = MemberRepositoryTest, locations = '{}', classes = '{class com.pitter.Application}', contextInitializerClasses = '[]', activeProfiles = '{}', propertySourceLocations = '{}', propertySourceProperties = '{org.springframework.boot.test.context.SpringBootTestContextBootstrapper=true}', contextCustomizers = set[org.springframework.boot.test.autoconfigure.properties.PropertyMappingContextCustomizer@0, org.springframework.boot.test.autoconfigure.web.servlet.WebDriverContextCustomizerFactory$Customizer@2cc44ad, org.springframework.boot.test.context.filter.ExcludeFilterContextCustomizer@6ebf0f36, org.springframework.boot.test.json.DuplicateJsonObjectContextCustomizerFactory$DuplicateJsonObjectContextCustomizer@72c28d64, org.springframework.boot.test.mock.mockito.MockitoContextCustomizer@0, org.springframework.boot.test.web.client.TestRestTemplateContextCustomizer@7216fb24], resourceBasePath = 'src/main/webapp', contextLoader = 'org.springframework.boot.test.context.SpringBootContextLoader', parent = [null]], attributes = map['org.springframework.test.context.web.ServletTestExecutionListener.activateListener' -> true, 'org.springframework.test.context.web.ServletTestExecutionListener.populatedRequestContextHolder' -> true, 'org.springframework.test.context.web.ServletTestExecutionListener.resetRequestContextHolder' -> true]]
2022-01-15 01:53:11.891  INFO 11380 --- [    Test worker] o.s.t.c.transaction.TransactionContext   : Began transaction (1) for test context [DefaultTestContext@1c0f32ad testClass = MemberRepositoryTest, testInstance = com.pitter.domain.repository.MemberRepositoryTest@6c7f3af6, testMethod = findAll_success_exist_data@MemberRepositoryTest, testException = [null], mergedContextConfiguration = [WebMergedContextConfiguration@1a920154 testClass = MemberRepositoryTest, locations = '{}', classes = '{class com.pitter.Application}', contextInitializerClasses = '[]', activeProfiles = '{}', propertySourceLocations = '{}', propertySourceProperties = '{org.springframework.boot.test.context.SpringBootTestContextBootstrapper=true}', contextCustomizers = set[org.springframework.boot.test.autoconfigure.properties.PropertyMappingContextCustomizer@0, org.springframework.boot.test.autoconfigure.web.servlet.WebDriverContextCustomizerFactory$Customizer@2cc44ad, org.springframework.boot.test.context.filter.ExcludeFilterContextCustomizer@6ebf0f36, org.springframework.boot.test.json.DuplicateJsonObjectContextCustomizerFactory$DuplicateJsonObjectContextCustomizer@72c28d64, org.springframework.boot.test.mock.mockito.MockitoContextCustomizer@0, org.springframework.boot.test.web.client.TestRestTemplateContextCustomizer@7216fb24], resourceBasePath = 'src/main/webapp', contextLoader = 'org.springframework.boot.test.context.SpringBootContextLoader', parent = [null]], attributes = map['org.springframework.test.context.web.ServletTestExecutionListener.activateListener' -> true, 'org.springframework.test.context.web.ServletTestExecutionListener.populatedRequestContextHolder' -> true, 'org.springframework.test.context.web.ServletTestExecutionListener.resetRequestContextHolder' -> true]]; transaction manager [org.springframework.orm.jpa.JpaTransactionManager@7e474bd]; rollback [true]
Hibernate: 
    call next value for hibernate_sequence
Hibernate: 
    call next value for hibernate_sequence
Hibernate: 
    call next value for hibernate_sequence
Hibernate: 
    insert 
    into
        member
        (created_by, created_date, last_modified_by, last_modified_date, email, nick_name, member_id) 
    values
        (?, ?, ?, ?, ?, ?, ?)
Hibernate: 
    insert 
    into
        member
        (created_by, created_date, last_modified_by, last_modified_date, email, nick_name, member_id) 
    values
        (?, ?, ?, ?, ?, ?, ?)
Hibernate: 
    insert 
    into
        member
        (created_by, created_date, last_modified_by, last_modified_date, email, nick_name, member_id) 
    values
        (?, ?, ?, ?, ?, ?, ?)
Hibernate: 
    select
        member0_.member_id as member_i1_1_,
        member0_.created_by as created_2_1_,
        member0_.created_date as created_3_1_,
        member0_.last_modified_by as last_mod4_1_,
        member0_.last_modified_date as last_mod5_1_,
        member0_.email as email6_1_,
        member0_.nick_name as nick_nam7_1_ 
    from
        member member0_
2022-01-15 01:53:11.903  INFO 11380 --- [    Test worker] o.s.t.c.transaction.TransactionContext   : Rolled back transaction for test: [DefaultTestContext@1c0f32ad testClass = MemberRepositoryTest, testInstance = com.pitter.domain.repository.MemberRepositoryTest@6c7f3af6, testMethod = findAll_success_exist_data@MemberRepositoryTest, testException = [null], mergedContextConfiguration = [WebMergedContextConfiguration@1a920154 testClass = MemberRepositoryTest, locations = '{}', classes = '{class com.pitter.Application}', contextInitializerClasses = '[]', activeProfiles = '{}', propertySourceLocations = '{}', propertySourceProperties = '{org.springframework.boot.test.context.SpringBootTestContextBootstrapper=true}', contextCustomizers = set[org.springframework.boot.test.autoconfigure.properties.PropertyMappingContextCustomizer@0, org.springframework.boot.test.autoconfigure.web.servlet.WebDriverContextCustomizerFactory$Customizer@2cc44ad, org.springframework.boot.test.context.filter.ExcludeFilterContextCustomizer@6ebf0f36, org.springframework.boot.test.json.DuplicateJsonObjectContextCustomizerFactory$DuplicateJsonObjectContextCustomizer@72c28d64, org.springframework.boot.test.mock.mockito.MockitoContextCustomizer@0, org.springframework.boot.test.web.client.TestRestTemplateContextCustomizer@7216fb24], resourceBasePath = 'src/main/webapp', contextLoader = 'org.springframework.boot.test.context.SpringBootContextLoader', parent = [null]], attributes = map['org.springframework.test.context.web.ServletTestExecutionListener.activateListener' -> true, 'org.springframework.test.context.web.ServletTestExecutionListener.populatedRequestContextHolder' -> true, 'org.springframework.test.context.web.ServletTestExecutionListener.resetRequestContextHolder' -> true]]
2022-01-15 01:53:11.907  INFO 11380 --- [    Test worker] o.s.t.c.transaction.TransactionContext   : Began transaction (1) for test context [DefaultTestContext@1c0f32ad testClass = MemberRepositoryTest, testInstance = com.pitter.domain.repository.MemberRepositoryTest@381ed137, testMethod = save_fail_password_contains_no_number@MemberRepositoryTest, testException = [null], mergedContextConfiguration = [WebMergedContextConfiguration@1a920154 testClass = MemberRepositoryTest, locations = '{}', classes = '{class com.pitter.Application}', contextInitializerClasses = '[]', activeProfiles = '{}', propertySourceLocations = '{}', propertySourceProperties = '{org.springframework.boot.test.context.SpringBootTestContextBootstrapper=true}', contextCustomizers = set[org.springframework.boot.test.autoconfigure.properties.PropertyMappingContextCustomizer@0, org.springframework.boot.test.autoconfigure.web.servlet.WebDriverContextCustomizerFactory$Customizer@2cc44ad, org.springframework.boot.test.context.filter.ExcludeFilterContextCustomizer@6ebf0f36, org.springframework.boot.test.json.DuplicateJsonObjectContextCustomizerFactory$DuplicateJsonObjectContextCustomizer@72c28d64, org.springframework.boot.test.mock.mockito.MockitoContextCustomizer@0, org.springframework.boot.test.web.client.TestRestTemplateContextCustomizer@7216fb24], resourceBasePath = 'src/main/webapp', contextLoader = 'org.springframework.boot.test.context.SpringBootContextLoader', parent = [null]], attributes = map['org.springframework.test.context.web.ServletTestExecutionListener.activateListener' -> true, 'org.springframework.test.context.web.ServletTestExecutionListener.populatedRequestContextHolder' -> true, 'org.springframework.test.context.web.ServletTestExecutionListener.resetRequestContextHolder' -> true]]; transaction manager [org.springframework.orm.jpa.JpaTransactionManager@7e474bd]; rollback [true]
Hibernate: 
    call next value for hibernate_sequence
2022-01-15 01:53:11.913  INFO 11380 --- [    Test worker] o.s.t.c.transaction.TransactionContext   : Rolled back transaction for test: [DefaultTestContext@1c0f32ad testClass = MemberRepositoryTest, testInstance = com.pitter.domain.repository.MemberRepositoryTest@381ed137, testMethod = save_fail_password_contains_no_number@MemberRepositoryTest, testException = [null], mergedContextConfiguration = [WebMergedContextConfiguration@1a920154 testClass = MemberRepositoryTest, locations = '{}', classes = '{class com.pitter.Application}', contextInitializerClasses = '[]', activeProfiles = '{}', propertySourceLocations = '{}', propertySourceProperties = '{org.springframework.boot.test.context.SpringBootTestContextBootstrapper=true}', contextCustomizers = set[org.springframework.boot.test.autoconfigure.properties.PropertyMappingContextCustomizer@0, org.springframework.boot.test.autoconfigure.web.servlet.WebDriverContextCustomizerFactory$Customizer@2cc44ad, org.springframework.boot.test.context.filter.ExcludeFilterContextCustomizer@6ebf0f36, org.springframework.boot.test.json.DuplicateJsonObjectContextCustomizerFactory$DuplicateJsonObjectContextCustomizer@72c28d64, org.springframework.boot.test.mock.mockito.MockitoContextCustomizer@0, org.springframework.boot.test.web.client.TestRestTemplateContextCustomizer@7216fb24], resourceBasePath = 'src/main/webapp', contextLoader = 'org.springframework.boot.test.context.SpringBootContextLoader', parent = [null]], attributes = map['org.springframework.test.context.web.ServletTestExecutionListener.activateListener' -> true, 'org.springframework.test.context.web.ServletTestExecutionListener.populatedRequestContextHolder' -> true, 'org.springframework.test.context.web.ServletTestExecutionListener.resetRequestContextHolder' -> true]]
2022-01-15 01:53:11.915  INFO 11380 --- [    Test worker] o.s.t.c.transaction.TransactionContext   : Began transaction (1) for test context [DefaultTestContext@1c0f32ad testClass = MemberRepositoryTest, testInstance = com.pitter.domain.repository.MemberRepositoryTest@13198b8e, testMethod = save_fail_email_empty_String@MemberRepositoryTest, testException = [null], mergedContextConfiguration = [WebMergedContextConfiguration@1a920154 testClass = MemberRepositoryTest, locations = '{}', classes = '{class com.pitter.Application}', contextInitializerClasses = '[]', activeProfiles = '{}', propertySourceLocations = '{}', propertySourceProperties = '{org.springframework.boot.test.context.SpringBootTestContextBootstrapper=true}', contextCustomizers = set[org.springframework.boot.test.autoconfigure.properties.PropertyMappingContextCustomizer@0, org.springframework.boot.test.autoconfigure.web.servlet.WebDriverContextCustomizerFactory$Customizer@2cc44ad, org.springframework.boot.test.context.filter.ExcludeFilterContextCustomizer@6ebf0f36, org.springframework.boot.test.json.DuplicateJsonObjectContextCustomizerFactory$DuplicateJsonObjectContextCustomizer@72c28d64, org.springframework.boot.test.mock.mockito.MockitoContextCustomizer@0, org.springframework.boot.test.web.client.TestRestTemplateContextCustomizer@7216fb24], resourceBasePath = 'src/main/webapp', contextLoader = 'org.springframework.boot.test.context.SpringBootContextLoader', parent = [null]], attributes = map['org.springframework.test.context.web.ServletTestExecutionListener.activateListener' -> true, 'org.springframework.test.context.web.ServletTestExecutionListener.populatedRequestContextHolder' -> true, 'org.springframework.test.context.web.ServletTestExecutionListener.resetRequestContextHolder' -> true]]; transaction manager [org.springframework.orm.jpa.JpaTransactionManager@7e474bd]; rollback [true]
Hibernate: 
    call next value for hibernate_sequence
2022-01-15 01:53:11.919  INFO 11380 --- [    Test worker] o.s.t.c.transaction.TransactionContext   : Rolled back transaction for test: [DefaultTestContext@1c0f32ad testClass = MemberRepositoryTest, testInstance = com.pitter.domain.repository.MemberRepositoryTest@13198b8e, testMethod = save_fail_email_empty_String@MemberRepositoryTest, testException = [null], mergedContextConfiguration = [WebMergedContextConfiguration@1a920154 testClass = MemberRepositoryTest, locations = '{}', classes = '{class com.pitter.Application}', contextInitializerClasses = '[]', activeProfiles = '{}', propertySourceLocations = '{}', propertySourceProperties = '{org.springframework.boot.test.context.SpringBootTestContextBootstrapper=true}', contextCustomizers = set[org.springframework.boot.test.autoconfigure.properties.PropertyMappingContextCustomizer@0, org.springframework.boot.test.autoconfigure.web.servlet.WebDriverContextCustomizerFactory$Customizer@2cc44ad, org.springframework.boot.test.context.filter.ExcludeFilterContextCustomizer@6ebf0f36, org.springframework.boot.test.json.DuplicateJsonObjectContextCustomizerFactory$DuplicateJsonObjectContextCustomizer@72c28d64, org.springframework.boot.test.mock.mockito.MockitoContextCustomizer@0, org.springframework.boot.test.web.client.TestRestTemplateContextCustomizer@7216fb24], resourceBasePath = 'src/main/webapp', contextLoader = 'org.springframework.boot.test.context.SpringBootContextLoader', parent = [null]], attributes = map['org.springframework.test.context.web.ServletTestExecutionListener.activateListener' -> true, 'org.springframework.test.context.web.ServletTestExecutionListener.populatedRequestContextHolder' -> true, 'org.springframework.test.context.web.ServletTestExecutionListener.resetRequestContextHolder' -> true]]
2022-01-15 01:53:11.920  INFO 11380 --- [    Test worker] o.s.t.c.transaction.TransactionContext   : Began transaction (1) for test context [DefaultTestContext@1c0f32ad testClass = MemberRepositoryTest, testInstance = com.pitter.domain.repository.MemberRepositoryTest@4bd7e0b6, testMethod = save_fail_email_No_At_Character@MemberRepositoryTest, testException = [null], mergedContextConfiguration = [WebMergedContextConfiguration@1a920154 testClass = MemberRepositoryTest, locations = '{}', classes = '{class com.pitter.Application}', contextInitializerClasses = '[]', activeProfiles = '{}', propertySourceLocations = '{}', propertySourceProperties = '{org.springframework.boot.test.context.SpringBootTestContextBootstrapper=true}', contextCustomizers = set[org.springframework.boot.test.autoconfigure.properties.PropertyMappingContextCustomizer@0, org.springframework.boot.test.autoconfigure.web.servlet.WebDriverContextCustomizerFactory$Customizer@2cc44ad, org.springframework.boot.test.context.filter.ExcludeFilterContextCustomizer@6ebf0f36, org.springframework.boot.test.json.DuplicateJsonObjectContextCustomizerFactory$DuplicateJsonObjectContextCustomizer@72c28d64, org.springframework.boot.test.mock.mockito.MockitoContextCustomizer@0, org.springframework.boot.test.web.client.TestRestTemplateContextCustomizer@7216fb24], resourceBasePath = 'src/main/webapp', contextLoader = 'org.springframework.boot.test.context.SpringBootContextLoader', parent = [null]], attributes = map['org.springframework.test.context.web.ServletTestExecutionListener.activateListener' -> true, 'org.springframework.test.context.web.ServletTestExecutionListener.populatedRequestContextHolder' -> true, 'org.springframework.test.context.web.ServletTestExecutionListener.resetRequestContextHolder' -> true]]; transaction manager [org.springframework.orm.jpa.JpaTransactionManager@7e474bd]; rollback [true]
Hibernate: 
    call next value for hibernate_sequence
2022-01-15 01:53:11.927  INFO 11380 --- [    Test worker] o.s.t.c.transaction.TransactionContext   : Rolled back transaction for test: [DefaultTestContext@1c0f32ad testClass = MemberRepositoryTest, testInstance = com.pitter.domain.repository.MemberRepositoryTest@4bd7e0b6, testMethod = save_fail_email_No_At_Character@MemberRepositoryTest, testException = [null], mergedContextConfiguration = [WebMergedContextConfiguration@1a920154 testClass = MemberRepositoryTest, locations = '{}', classes = '{class com.pitter.Application}', contextInitializerClasses = '[]', activeProfiles = '{}', propertySourceLocations = '{}', propertySourceProperties = '{org.springframework.boot.test.context.SpringBootTestContextBootstrapper=true}', contextCustomizers = set[org.springframework.boot.test.autoconfigure.properties.PropertyMappingContextCustomizer@0, org.springframework.boot.test.autoconfigure.web.servlet.WebDriverContextCustomizerFactory$Customizer@2cc44ad, org.springframework.boot.test.context.filter.ExcludeFilterContextCustomizer@6ebf0f36, org.springframework.boot.test.json.DuplicateJsonObjectContextCustomizerFactory$DuplicateJsonObjectContextCustomizer@72c28d64, org.springframework.boot.test.mock.mockito.MockitoContextCustomizer@0, org.springframework.boot.test.web.client.TestRestTemplateContextCustomizer@7216fb24], resourceBasePath = 'src/main/webapp', contextLoader = 'org.springframework.boot.test.context.SpringBootContextLoader', parent = [null]], attributes = map['org.springframework.test.context.web.ServletTestExecutionListener.activateListener' -> true, 'org.springframework.test.context.web.ServletTestExecutionListener.populatedRequestContextHolder' -> true, 'org.springframework.test.context.web.ServletTestExecutionListener.resetRequestContextHolder' -> true]]
2022-01-15 01:53:11.929  INFO 11380 --- [    Test worker] o.s.t.c.transaction.TransactionContext   : Began transaction (1) for test context [DefaultTestContext@1c0f32ad testClass = MemberRepositoryTest, testInstance = com.pitter.domain.repository.MemberRepositoryTest@5e3a577a, testMethod = findById_success@MemberRepositoryTest, testException = [null], mergedContextConfiguration = [WebMergedContextConfiguration@1a920154 testClass = MemberRepositoryTest, locations = '{}', classes = '{class com.pitter.Application}', contextInitializerClasses = '[]', activeProfiles = '{}', propertySourceLocations = '{}', propertySourceProperties = '{org.springframework.boot.test.context.SpringBootTestContextBootstrapper=true}', contextCustomizers = set[org.springframework.boot.test.autoconfigure.properties.PropertyMappingContextCustomizer@0, org.springframework.boot.test.autoconfigure.web.servlet.WebDriverContextCustomizerFactory$Customizer@2cc44ad, org.springframework.boot.test.context.filter.ExcludeFilterContextCustomizer@6ebf0f36, org.springframework.boot.test.json.DuplicateJsonObjectContextCustomizerFactory$DuplicateJsonObjectContextCustomizer@72c28d64, org.springframework.boot.test.mock.mockito.MockitoContextCustomizer@0, org.springframework.boot.test.web.client.TestRestTemplateContextCustomizer@7216fb24], resourceBasePath = 'src/main/webapp', contextLoader = 'org.springframework.boot.test.context.SpringBootContextLoader', parent = [null]], attributes = map['org.springframework.test.context.web.ServletTestExecutionListener.activateListener' -> true, 'org.springframework.test.context.web.ServletTestExecutionListener.populatedRequestContextHolder' -> true, 'org.springframework.test.context.web.ServletTestExecutionListener.resetRequestContextHolder' -> true]]; transaction manager [org.springframework.orm.jpa.JpaTransactionManager@7e474bd]; rollback [true]
Hibernate: 
    call next value for hibernate_sequence
Hibernate: 
    insert 
    into
        member
        (created_by, created_date, last_modified_by, last_modified_date, email, nick_name, member_id) 
    values
        (?, ?, ?, ?, ?, ?, ?)
Member(id=15, nickName=tester, email=tester@pitter.com)
2022-01-15 01:53:11.934  INFO 11380 --- [    Test worker] o.s.t.c.transaction.TransactionContext   : Rolled back transaction for test: [DefaultTestContext@1c0f32ad testClass = MemberRepositoryTest, testInstance = com.pitter.domain.repository.MemberRepositoryTest@5e3a577a, testMethod = findById_success@MemberRepositoryTest, testException = [null], mergedContextConfiguration = [WebMergedContextConfiguration@1a920154 testClass = MemberRepositoryTest, locations = '{}', classes = '{class com.pitter.Application}', contextInitializerClasses = '[]', activeProfiles = '{}', propertySourceLocations = '{}', propertySourceProperties = '{org.springframework.boot.test.context.SpringBootTestContextBootstrapper=true}', contextCustomizers = set[org.springframework.boot.test.autoconfigure.properties.PropertyMappingContextCustomizer@0, org.springframework.boot.test.autoconfigure.web.servlet.WebDriverContextCustomizerFactory$Customizer@2cc44ad, org.springframework.boot.test.context.filter.ExcludeFilterContextCustomizer@6ebf0f36, org.springframework.boot.test.json.DuplicateJsonObjectContextCustomizerFactory$DuplicateJsonObjectContextCustomizer@72c28d64, org.springframework.boot.test.mock.mockito.MockitoContextCustomizer@0, org.springframework.boot.test.web.client.TestRestTemplateContextCustomizer@7216fb24], resourceBasePath = 'src/main/webapp', contextLoader = 'org.springframework.boot.test.context.SpringBootContextLoader', parent = [null]], attributes = map['org.springframework.test.context.web.ServletTestExecutionListener.activateListener' -> true, 'org.springframework.test.context.web.ServletTestExecutionListener.populatedRequestContextHolder' -> true, 'org.springframework.test.context.web.ServletTestExecutionListener.resetRequestContextHolder' -> true]]
2022-01-15 01:53:11.936  INFO 11380 --- [    Test worker] o.s.t.c.transaction.TransactionContext   : Began transaction (1) for test context [DefaultTestContext@1c0f32ad testClass = MemberRepositoryTest, testInstance = com.pitter.domain.repository.MemberRepositoryTest@18eb6ea3, testMethod = save_fail_password_length_is_LessEqual_than_20@MemberRepositoryTest, testException = [null], mergedContextConfiguration = [WebMergedContextConfiguration@1a920154 testClass = MemberRepositoryTest, locations = '{}', classes = '{class com.pitter.Application}', contextInitializerClasses = '[]', activeProfiles = '{}', propertySourceLocations = '{}', propertySourceProperties = '{org.springframework.boot.test.context.SpringBootTestContextBootstrapper=true}', contextCustomizers = set[org.springframework.boot.test.autoconfigure.properties.PropertyMappingContextCustomizer@0, org.springframework.boot.test.autoconfigure.web.servlet.WebDriverContextCustomizerFactory$Customizer@2cc44ad, org.springframework.boot.test.context.filter.ExcludeFilterContextCustomizer@6ebf0f36, org.springframework.boot.test.json.DuplicateJsonObjectContextCustomizerFactory$DuplicateJsonObjectContextCustomizer@72c28d64, org.springframework.boot.test.mock.mockito.MockitoContextCustomizer@0, org.springframework.boot.test.web.client.TestRestTemplateContextCustomizer@7216fb24], resourceBasePath = 'src/main/webapp', contextLoader = 'org.springframework.boot.test.context.SpringBootContextLoader', parent = [null]], attributes = map['org.springframework.test.context.web.ServletTestExecutionListener.activateListener' -> true, 'org.springframework.test.context.web.ServletTestExecutionListener.populatedRequestContextHolder' -> true, 'org.springframework.test.context.web.ServletTestExecutionListener.resetRequestContextHolder' -> true]]; transaction manager [org.springframework.orm.jpa.JpaTransactionManager@7e474bd]; rollback [true]
Hibernate: 
    call next value for hibernate_sequence
2022-01-15 01:53:11.945  INFO 11380 --- [    Test worker] o.s.t.c.transaction.TransactionContext   : Rolled back transaction for test: [DefaultTestContext@1c0f32ad testClass = MemberRepositoryTest, testInstance = com.pitter.domain.repository.MemberRepositoryTest@18eb6ea3, testMethod = save_fail_password_length_is_LessEqual_than_20@MemberRepositoryTest, testException = [null], mergedContextConfiguration = [WebMergedContextConfiguration@1a920154 testClass = MemberRepositoryTest, locations = '{}', classes = '{class com.pitter.Application}', contextInitializerClasses = '[]', activeProfiles = '{}', propertySourceLocations = '{}', propertySourceProperties = '{org.springframework.boot.test.context.SpringBootTestContextBootstrapper=true}', contextCustomizers = set[org.springframework.boot.test.autoconfigure.properties.PropertyMappingContextCustomizer@0, org.springframework.boot.test.autoconfigure.web.servlet.WebDriverContextCustomizerFactory$Customizer@2cc44ad, org.springframework.boot.test.context.filter.ExcludeFilterContextCustomizer@6ebf0f36, org.springframework.boot.test.json.DuplicateJsonObjectContextCustomizerFactory$DuplicateJsonObjectContextCustomizer@72c28d64, org.springframework.boot.test.mock.mockito.MockitoContextCustomizer@0, org.springframework.boot.test.web.client.TestRestTemplateContextCustomizer@7216fb24], resourceBasePath = 'src/main/webapp', contextLoader = 'org.springframework.boot.test.context.SpringBootContextLoader', parent = [null]], attributes = map['org.springframework.test.context.web.ServletTestExecutionListener.activateListener' -> true, 'org.springframework.test.context.web.ServletTestExecutionListener.populatedRequestContextHolder' -> true, 'org.springframework.test.context.web.ServletTestExecutionListener.resetRequestContextHolder' -> true]]
2022-01-15 01:53:11.948  INFO 11380 --- [    Test worker] o.s.t.c.transaction.TransactionContext   : Began transaction (1) for test context [DefaultTestContext@1c0f32ad testClass = MemberRepositoryTest, testInstance = com.pitter.domain.repository.MemberRepositoryTest@5f455d91, testMethod = save_fail_password_null@MemberRepositoryTest, testException = [null], mergedContextConfiguration = [WebMergedContextConfiguration@1a920154 testClass = MemberRepositoryTest, locations = '{}', classes = '{class com.pitter.Application}', contextInitializerClasses = '[]', activeProfiles = '{}', propertySourceLocations = '{}', propertySourceProperties = '{org.springframework.boot.test.context.SpringBootTestContextBootstrapper=true}', contextCustomizers = set[org.springframework.boot.test.autoconfigure.properties.PropertyMappingContextCustomizer@0, org.springframework.boot.test.autoconfigure.web.servlet.WebDriverContextCustomizerFactory$Customizer@2cc44ad, org.springframework.boot.test.context.filter.ExcludeFilterContextCustomizer@6ebf0f36, org.springframework.boot.test.json.DuplicateJsonObjectContextCustomizerFactory$DuplicateJsonObjectContextCustomizer@72c28d64, org.springframework.boot.test.mock.mockito.MockitoContextCustomizer@0, org.springframework.boot.test.web.client.TestRestTemplateContextCustomizer@7216fb24], resourceBasePath = 'src/main/webapp', contextLoader = 'org.springframework.boot.test.context.SpringBootContextLoader', parent = [null]], attributes = map['org.springframework.test.context.web.ServletTestExecutionListener.activateListener' -> true, 'org.springframework.test.context.web.ServletTestExecutionListener.populatedRequestContextHolder' -> true, 'org.springframework.test.context.web.ServletTestExecutionListener.resetRequestContextHolder' -> true]]; transaction manager [org.springframework.orm.jpa.JpaTransactionManager@7e474bd]; rollback [true]
Hibernate: 
    call next value for hibernate_sequence
2022-01-15 01:53:11.953  INFO 11380 --- [    Test worker] o.s.t.c.transaction.TransactionContext   : Rolled back transaction for test: [DefaultTestContext@1c0f32ad testClass = MemberRepositoryTest, testInstance = com.pitter.domain.repository.MemberRepositoryTest@5f455d91, testMethod = save_fail_password_null@MemberRepositoryTest, testException = [null], mergedContextConfiguration = [WebMergedContextConfiguration@1a920154 testClass = MemberRepositoryTest, locations = '{}', classes = '{class com.pitter.Application}', contextInitializerClasses = '[]', activeProfiles = '{}', propertySourceLocations = '{}', propertySourceProperties = '{org.springframework.boot.test.context.SpringBootTestContextBootstrapper=true}', contextCustomizers = set[org.springframework.boot.test.autoconfigure.properties.PropertyMappingContextCustomizer@0, org.springframework.boot.test.autoconfigure.web.servlet.WebDriverContextCustomizerFactory$Customizer@2cc44ad, org.springframework.boot.test.context.filter.ExcludeFilterContextCustomizer@6ebf0f36, org.springframework.boot.test.json.DuplicateJsonObjectContextCustomizerFactory$DuplicateJsonObjectContextCustomizer@72c28d64, org.springframework.boot.test.mock.mockito.MockitoContextCustomizer@0, org.springframework.boot.test.web.client.TestRestTemplateContextCustomizer@7216fb24], resourceBasePath = 'src/main/webapp', contextLoader = 'org.springframework.boot.test.context.SpringBootContextLoader', parent = [null]], attributes = map['org.springframework.test.context.web.ServletTestExecutionListener.activateListener' -> true, 'org.springframework.test.context.web.ServletTestExecutionListener.populatedRequestContextHolder' -> true, 'org.springframework.test.context.web.ServletTestExecutionListener.resetRequestContextHolder' -> true]]
2022-01-15 01:53:11.955  INFO 11380 --- [    Test worker] o.s.t.c.transaction.TransactionContext   : Began transaction (1) for test context [DefaultTestContext@1c0f32ad testClass = MemberRepositoryTest, testInstance = com.pitter.domain.repository.MemberRepositoryTest@6e212f38, testMethod = save_success@MemberRepositoryTest, testException = [null], mergedContextConfiguration = [WebMergedContextConfiguration@1a920154 testClass = MemberRepositoryTest, locations = '{}', classes = '{class com.pitter.Application}', contextInitializerClasses = '[]', activeProfiles = '{}', propertySourceLocations = '{}', propertySourceProperties = '{org.springframework.boot.test.context.SpringBootTestContextBootstrapper=true}', contextCustomizers = set[org.springframework.boot.test.autoconfigure.properties.PropertyMappingContextCustomizer@0, org.springframework.boot.test.autoconfigure.web.servlet.WebDriverContextCustomizerFactory$Customizer@2cc44ad, org.springframework.boot.test.context.filter.ExcludeFilterContextCustomizer@6ebf0f36, org.springframework.boot.test.json.DuplicateJsonObjectContextCustomizerFactory$DuplicateJsonObjectContextCustomizer@72c28d64, org.springframework.boot.test.mock.mockito.MockitoContextCustomizer@0, org.springframework.boot.test.web.client.TestRestTemplateContextCustomizer@7216fb24], resourceBasePath = 'src/main/webapp', contextLoader = 'org.springframework.boot.test.context.SpringBootContextLoader', parent = [null]], attributes = map['org.springframework.test.context.web.ServletTestExecutionListener.activateListener' -> true, 'org.springframework.test.context.web.ServletTestExecutionListener.populatedRequestContextHolder' -> true, 'org.springframework.test.context.web.ServletTestExecutionListener.resetRequestContextHolder' -> true]]; transaction manager [org.springframework.orm.jpa.JpaTransactionManager@7e474bd]; rollback [true]
Hibernate: 
    call next value for hibernate_sequence
Hibernate: 
    insert 
    into
        member
        (created_by, created_date, last_modified_by, last_modified_date, email, nick_name, member_id) 
    values
        (?, ?, ?, ?, ?, ?, ?)
2022-01-15 01:53:11.961  INFO 11380 --- [    Test worker] o.s.t.c.transaction.TransactionContext   : Rolled back transaction for test: [DefaultTestContext@1c0f32ad testClass = MemberRepositoryTest, testInstance = com.pitter.domain.repository.MemberRepositoryTest@6e212f38, testMethod = save_success@MemberRepositoryTest, testException = [null], mergedContextConfiguration = [WebMergedContextConfiguration@1a920154 testClass = MemberRepositoryTest, locations = '{}', classes = '{class com.pitter.Application}', contextInitializerClasses = '[]', activeProfiles = '{}', propertySourceLocations = '{}', propertySourceProperties = '{org.springframework.boot.test.context.SpringBootTestContextBootstrapper=true}', contextCustomizers = set[org.springframework.boot.test.autoconfigure.properties.PropertyMappingContextCustomizer@0, org.springframework.boot.test.autoconfigure.web.servlet.WebDriverContextCustomizerFactory$Customizer@2cc44ad, org.springframework.boot.test.context.filter.ExcludeFilterContextCustomizer@6ebf0f36, org.springframework.boot.test.json.DuplicateJsonObjectContextCustomizerFactory$DuplicateJsonObjectContextCustomizer@72c28d64, org.springframework.boot.test.mock.mockito.MockitoContextCustomizer@0, org.springframework.boot.test.web.client.TestRestTemplateContextCustomizer@7216fb24], resourceBasePath = 'src/main/webapp', contextLoader = 'org.springframework.boot.test.context.SpringBootContextLoader', parent = [null]], attributes = map['org.springframework.test.context.web.ServletTestExecutionListener.activateListener' -> true, 'org.springframework.test.context.web.ServletTestExecutionListener.populatedRequestContextHolder' -> true, 'org.springframework.test.context.web.ServletTestExecutionListener.resetRequestContextHolder' -> true]]
2022-01-15 01:53:11.963  INFO 11380 --- [    Test worker] o.s.t.c.transaction.TransactionContext   : Began transaction (1) for test context [DefaultTestContext@1c0f32ad testClass = MemberRepositoryTest, testInstance = com.pitter.domain.repository.MemberRepositoryTest@158e3a79, testMethod = findByEmail_success@MemberRepositoryTest, testException = [null], mergedContextConfiguration = [WebMergedContextConfiguration@1a920154 testClass = MemberRepositoryTest, locations = '{}', classes = '{class com.pitter.Application}', contextInitializerClasses = '[]', activeProfiles = '{}', propertySourceLocations = '{}', propertySourceProperties = '{org.springframework.boot.test.context.SpringBootTestContextBootstrapper=true}', contextCustomizers = set[org.springframework.boot.test.autoconfigure.properties.PropertyMappingContextCustomizer@0, org.springframework.boot.test.autoconfigure.web.servlet.WebDriverContextCustomizerFactory$Customizer@2cc44ad, org.springframework.boot.test.context.filter.ExcludeFilterContextCustomizer@6ebf0f36, org.springframework.boot.test.json.DuplicateJsonObjectContextCustomizerFactory$DuplicateJsonObjectContextCustomizer@72c28d64, org.springframework.boot.test.mock.mockito.MockitoContextCustomizer@0, org.springframework.boot.test.web.client.TestRestTemplateContextCustomizer@7216fb24], resourceBasePath = 'src/main/webapp', contextLoader = 'org.springframework.boot.test.context.SpringBootContextLoader', parent = [null]], attributes = map['org.springframework.test.context.web.ServletTestExecutionListener.activateListener' -> true, 'org.springframework.test.context.web.ServletTestExecutionListener.populatedRequestContextHolder' -> true, 'org.springframework.test.context.web.ServletTestExecutionListener.resetRequestContextHolder' -> true]]; transaction manager [org.springframework.orm.jpa.JpaTransactionManager@7e474bd]; rollback [true]
Hibernate: 
    call next value for hibernate_sequence
Hibernate: 
    insert 
    into
        member
        (created_by, created_date, last_modified_by, last_modified_date, email, nick_name, member_id) 
    values
        (?, ?, ?, ?, ?, ?, ?)
Hibernate: 
    select
        member0_.member_id as member_i1_1_,
        member0_.created_by as created_2_1_,
        member0_.created_date as created_3_1_,
        member0_.last_modified_by as last_mod4_1_,
        member0_.last_modified_date as last_mod5_1_,
        member0_.email as email6_1_,
        member0_.nick_name as nick_nam7_1_ 
    from
        member member0_ 
    where
        member0_.email=?
2022-01-15 01:53:11.978  INFO 11380 --- [    Test worker] o.s.t.c.transaction.TransactionContext   : Rolled back transaction for test: [DefaultTestContext@1c0f32ad testClass = MemberRepositoryTest, testInstance = com.pitter.domain.repository.MemberRepositoryTest@158e3a79, testMethod = findByEmail_success@MemberRepositoryTest, testException = [null], mergedContextConfiguration = [WebMergedContextConfiguration@1a920154 testClass = MemberRepositoryTest, locations = '{}', classes = '{class com.pitter.Application}', contextInitializerClasses = '[]', activeProfiles = '{}', propertySourceLocations = '{}', propertySourceProperties = '{org.springframework.boot.test.context.SpringBootTestContextBootstrapper=true}', contextCustomizers = set[org.springframework.boot.test.autoconfigure.properties.PropertyMappingContextCustomizer@0, org.springframework.boot.test.autoconfigure.web.servlet.WebDriverContextCustomizerFactory$Customizer@2cc44ad, org.springframework.boot.test.context.filter.ExcludeFilterContextCustomizer@6ebf0f36, org.springframework.boot.test.json.DuplicateJsonObjectContextCustomizerFactory$DuplicateJsonObjectContextCustomizer@72c28d64, org.springframework.boot.test.mock.mockito.MockitoContextCustomizer@0, org.springframework.boot.test.web.client.TestRestTemplateContextCustomizer@7216fb24], resourceBasePath = 'src/main/webapp', contextLoader = 'org.springframework.boot.test.context.SpringBootContextLoader', parent = [null]], attributes = map['org.springframework.test.context.web.ServletTestExecutionListener.activateListener' -> true, 'org.springframework.test.context.web.ServletTestExecutionListener.populatedRequestContextHolder' -> true, 'org.springframework.test.context.web.ServletTestExecutionListener.resetRequestContextHolder' -> true]]
2022-01-15 01:53:11.980  INFO 11380 --- [    Test worker] o.s.t.c.transaction.TransactionContext   : Began transaction (1) for test context [DefaultTestContext@1c0f32ad testClass = MemberRepositoryTest, testInstance = com.pitter.domain.repository.MemberRepositoryTest@528070fe, testMethod = save_fail_email_null@MemberRepositoryTest, testException = [null], mergedContextConfiguration = [WebMergedContextConfiguration@1a920154 testClass = MemberRepositoryTest, locations = '{}', classes = '{class com.pitter.Application}', contextInitializerClasses = '[]', activeProfiles = '{}', propertySourceLocations = '{}', propertySourceProperties = '{org.springframework.boot.test.context.SpringBootTestContextBootstrapper=true}', contextCustomizers = set[org.springframework.boot.test.autoconfigure.properties.PropertyMappingContextCustomizer@0, org.springframework.boot.test.autoconfigure.web.servlet.WebDriverContextCustomizerFactory$Customizer@2cc44ad, org.springframework.boot.test.context.filter.ExcludeFilterContextCustomizer@6ebf0f36, org.springframework.boot.test.json.DuplicateJsonObjectContextCustomizerFactory$DuplicateJsonObjectContextCustomizer@72c28d64, org.springframework.boot.test.mock.mockito.MockitoContextCustomizer@0, org.springframework.boot.test.web.client.TestRestTemplateContextCustomizer@7216fb24], resourceBasePath = 'src/main/webapp', contextLoader = 'org.springframework.boot.test.context.SpringBootContextLoader', parent = [null]], attributes = map['org.springframework.test.context.web.ServletTestExecutionListener.activateListener' -> true, 'org.springframework.test.context.web.ServletTestExecutionListener.populatedRequestContextHolder' -> true, 'org.springframework.test.context.web.ServletTestExecutionListener.resetRequestContextHolder' -> true]]; transaction manager [org.springframework.orm.jpa.JpaTransactionManager@7e474bd]; rollback [true]
Hibernate: 
    call next value for hibernate_sequence
2022-01-15 01:53:11.985  INFO 11380 --- [    Test worker] o.s.t.c.transaction.TransactionContext   : Rolled back transaction for test: [DefaultTestContext@1c0f32ad testClass = MemberRepositoryTest, testInstance = com.pitter.domain.repository.MemberRepositoryTest@528070fe, testMethod = save_fail_email_null@MemberRepositoryTest, testException = [null], mergedContextConfiguration = [WebMergedContextConfiguration@1a920154 testClass = MemberRepositoryTest, locations = '{}', classes = '{class com.pitter.Application}', contextInitializerClasses = '[]', activeProfiles = '{}', propertySourceLocations = '{}', propertySourceProperties = '{org.springframework.boot.test.context.SpringBootTestContextBootstrapper=true}', contextCustomizers = set[org.springframework.boot.test.autoconfigure.properties.PropertyMappingContextCustomizer@0, org.springframework.boot.test.autoconfigure.web.servlet.WebDriverContextCustomizerFactory$Customizer@2cc44ad, org.springframework.boot.test.context.filter.ExcludeFilterContextCustomizer@6ebf0f36, org.springframework.boot.test.json.DuplicateJsonObjectContextCustomizerFactory$DuplicateJsonObjectContextCustomizer@72c28d64, org.springframework.boot.test.mock.mockito.MockitoContextCustomizer@0, org.springframework.boot.test.web.client.TestRestTemplateContextCustomizer@7216fb24], resourceBasePath = 'src/main/webapp', contextLoader = 'org.springframework.boot.test.context.SpringBootContextLoader', parent = [null]], attributes = map['org.springframework.test.context.web.ServletTestExecutionListener.activateListener' -> true, 'org.springframework.test.context.web.ServletTestExecutionListener.populatedRequestContextHolder' -> true, 'org.springframework.test.context.web.ServletTestExecutionListener.resetRequestContextHolder' -> true]]
2022-01-15 01:53:11.987  INFO 11380 --- [    Test worker] o.s.t.c.transaction.TransactionContext   : Began transaction (1) for test context [DefaultTestContext@1c0f32ad testClass = MemberRepositoryTest, testInstance = com.pitter.domain.repository.MemberRepositoryTest@108b2321, testMethod = save_fail_password_length_is_GreaterEqual_than_8@MemberRepositoryTest, testException = [null], mergedContextConfiguration = [WebMergedContextConfiguration@1a920154 testClass = MemberRepositoryTest, locations = '{}', classes = '{class com.pitter.Application}', contextInitializerClasses = '[]', activeProfiles = '{}', propertySourceLocations = '{}', propertySourceProperties = '{org.springframework.boot.test.context.SpringBootTestContextBootstrapper=true}', contextCustomizers = set[org.springframework.boot.test.autoconfigure.properties.PropertyMappingContextCustomizer@0, org.springframework.boot.test.autoconfigure.web.servlet.WebDriverContextCustomizerFactory$Customizer@2cc44ad, org.springframework.boot.test.context.filter.ExcludeFilterContextCustomizer@6ebf0f36, org.springframework.boot.test.json.DuplicateJsonObjectContextCustomizerFactory$DuplicateJsonObjectContextCustomizer@72c28d64, org.springframework.boot.test.mock.mockito.MockitoContextCustomizer@0, org.springframework.boot.test.web.client.TestRestTemplateContextCustomizer@7216fb24], resourceBasePath = 'src/main/webapp', contextLoader = 'org.springframework.boot.test.context.SpringBootContextLoader', parent = [null]], attributes = map['org.springframework.test.context.web.ServletTestExecutionListener.activateListener' -> true, 'org.springframework.test.context.web.ServletTestExecutionListener.populatedRequestContextHolder' -> true, 'org.springframework.test.context.web.ServletTestExecutionListener.resetRequestContextHolder' -> true]]; transaction manager [org.springframework.orm.jpa.JpaTransactionManager@7e474bd]; rollback [true]
Hibernate: 
    call next value for hibernate_sequence
2022-01-15 01:53:11.993  INFO 11380 --- [    Test worker] o.s.t.c.transaction.TransactionContext   : Rolled back transaction for test: [DefaultTestContext@1c0f32ad testClass = MemberRepositoryTest, testInstance = com.pitter.domain.repository.MemberRepositoryTest@108b2321, testMethod = save_fail_password_length_is_GreaterEqual_than_8@MemberRepositoryTest, testException = [null], mergedContextConfiguration = [WebMergedContextConfiguration@1a920154 testClass = MemberRepositoryTest, locations = '{}', classes = '{class com.pitter.Application}', contextInitializerClasses = '[]', activeProfiles = '{}', propertySourceLocations = '{}', propertySourceProperties = '{org.springframework.boot.test.context.SpringBootTestContextBootstrapper=true}', contextCustomizers = set[org.springframework.boot.test.autoconfigure.properties.PropertyMappingContextCustomizer@0, org.springframework.boot.test.autoconfigure.web.servlet.WebDriverContextCustomizerFactory$Customizer@2cc44ad, org.springframework.boot.test.context.filter.ExcludeFilterContextCustomizer@6ebf0f36, org.springframework.boot.test.json.DuplicateJsonObjectContextCustomizerFactory$DuplicateJsonObjectContextCustomizer@72c28d64, org.springframework.boot.test.mock.mockito.MockitoContextCustomizer@0, org.springframework.boot.test.web.client.TestRestTemplateContextCustomizer@7216fb24], resourceBasePath = 'src/main/webapp', contextLoader = 'org.springframework.boot.test.context.SpringBootContextLoader', parent = [null]], attributes = map['org.springframework.test.context.web.ServletTestExecutionListener.activateListener' -> true, 'org.springframework.test.context.web.ServletTestExecutionListener.populatedRequestContextHolder' -> true, 'org.springframework.test.context.web.ServletTestExecutionListener.resetRequestContextHolder' -> true]]
2022-01-15 01:53:11.994  INFO 11380 --- [    Test worker] o.s.t.c.transaction.TransactionContext   : Began transaction (1) for test context [DefaultTestContext@1c0f32ad testClass = MemberRepositoryTest, testInstance = com.pitter.domain.repository.MemberRepositoryTest@3e1c566d, testMethod = save_fail_password_contains_no_special_character@MemberRepositoryTest, testException = [null], mergedContextConfiguration = [WebMergedContextConfiguration@1a920154 testClass = MemberRepositoryTest, locations = '{}', classes = '{class com.pitter.Application}', contextInitializerClasses = '[]', activeProfiles = '{}', propertySourceLocations = '{}', propertySourceProperties = '{org.springframework.boot.test.context.SpringBootTestContextBootstrapper=true}', contextCustomizers = set[org.springframework.boot.test.autoconfigure.properties.PropertyMappingContextCustomizer@0, org.springframework.boot.test.autoconfigure.web.servlet.WebDriverContextCustomizerFactory$Customizer@2cc44ad, org.springframework.boot.test.context.filter.ExcludeFilterContextCustomizer@6ebf0f36, org.springframework.boot.test.json.DuplicateJsonObjectContextCustomizerFactory$DuplicateJsonObjectContextCustomizer@72c28d64, org.springframework.boot.test.mock.mockito.MockitoContextCustomizer@0, org.springframework.boot.test.web.client.TestRestTemplateContextCustomizer@7216fb24], resourceBasePath = 'src/main/webapp', contextLoader = 'org.springframework.boot.test.context.SpringBootContextLoader', parent = [null]], attributes = map['org.springframework.test.context.web.ServletTestExecutionListener.activateListener' -> true, 'org.springframework.test.context.web.ServletTestExecutionListener.populatedRequestContextHolder' -> true, 'org.springframework.test.context.web.ServletTestExecutionListener.resetRequestContextHolder' -> true]]; transaction manager [org.springframework.orm.jpa.JpaTransactionManager@7e474bd]; rollback [true]
Hibernate: 
    call next value for hibernate_sequence
2022-01-15 01:53:11.998  INFO 11380 --- [    Test worker] o.s.t.c.transaction.TransactionContext   : Rolled back transaction for test: [DefaultTestContext@1c0f32ad testClass = MemberRepositoryTest, testInstance = com.pitter.domain.repository.MemberRepositoryTest@3e1c566d, testMethod = save_fail_password_contains_no_special_character@MemberRepositoryTest, testException = [null], mergedContextConfiguration = [WebMergedContextConfiguration@1a920154 testClass = MemberRepositoryTest, locations = '{}', classes = '{class com.pitter.Application}', contextInitializerClasses = '[]', activeProfiles = '{}', propertySourceLocations = '{}', propertySourceProperties = '{org.springframework.boot.test.context.SpringBootTestContextBootstrapper=true}', contextCustomizers = set[org.springframework.boot.test.autoconfigure.properties.PropertyMappingContextCustomizer@0, org.springframework.boot.test.autoconfigure.web.servlet.WebDriverContextCustomizerFactory$Customizer@2cc44ad, org.springframework.boot.test.context.filter.ExcludeFilterContextCustomizer@6ebf0f36, org.springframework.boot.test.json.DuplicateJsonObjectContextCustomizerFactory$DuplicateJsonObjectContextCustomizer@72c28d64, org.springframework.boot.test.mock.mockito.MockitoContextCustomizer@0, org.springframework.boot.test.web.client.TestRestTemplateContextCustomizer@7216fb24], resourceBasePath = 'src/main/webapp', contextLoader = 'org.springframework.boot.test.context.SpringBootContextLoader', parent = [null]], attributes = map['org.springframework.test.context.web.ServletTestExecutionListener.activateListener' -> true, 'org.springframework.test.context.web.ServletTestExecutionListener.populatedRequestContextHolder' -> true, 'org.springframework.test.context.web.ServletTestExecutionListener.resetRequestContextHolder' -> true]]
2022-01-15 01:53:11.999  INFO 11380 --- [    Test worker] o.s.t.c.transaction.TransactionContext   : Began transaction (1) for test context [DefaultTestContext@1c0f32ad testClass = MemberRepositoryTest, testInstance = com.pitter.domain.repository.MemberRepositoryTest@77c4aeb6, testMethod = save_fail_password_empty_String@MemberRepositoryTest, testException = [null], mergedContextConfiguration = [WebMergedContextConfiguration@1a920154 testClass = MemberRepositoryTest, locations = '{}', classes = '{class com.pitter.Application}', contextInitializerClasses = '[]', activeProfiles = '{}', propertySourceLocations = '{}', propertySourceProperties = '{org.springframework.boot.test.context.SpringBootTestContextBootstrapper=true}', contextCustomizers = set[org.springframework.boot.test.autoconfigure.properties.PropertyMappingContextCustomizer@0, org.springframework.boot.test.autoconfigure.web.servlet.WebDriverContextCustomizerFactory$Customizer@2cc44ad, org.springframework.boot.test.context.filter.ExcludeFilterContextCustomizer@6ebf0f36, org.springframework.boot.test.json.DuplicateJsonObjectContextCustomizerFactory$DuplicateJsonObjectContextCustomizer@72c28d64, org.springframework.boot.test.mock.mockito.MockitoContextCustomizer@0, org.springframework.boot.test.web.client.TestRestTemplateContextCustomizer@7216fb24], resourceBasePath = 'src/main/webapp', contextLoader = 'org.springframework.boot.test.context.SpringBootContextLoader', parent = [null]], attributes = map['org.springframework.test.context.web.ServletTestExecutionListener.activateListener' -> true, 'org.springframework.test.context.web.ServletTestExecutionListener.populatedRequestContextHolder' -> true, 'org.springframework.test.context.web.ServletTestExecutionListener.resetRequestContextHolder' -> true]]; transaction manager [org.springframework.orm.jpa.JpaTransactionManager@7e474bd]; rollback [true]
Hibernate: 
    call next value for hibernate_sequence
2022-01-15 01:53:12.003  INFO 11380 --- [    Test worker] o.s.t.c.transaction.TransactionContext   : Rolled back transaction for test: [DefaultTestContext@1c0f32ad testClass = MemberRepositoryTest, testInstance = com.pitter.domain.repository.MemberRepositoryTest@77c4aeb6, testMethod = save_fail_password_empty_String@MemberRepositoryTest, testException = [null], mergedContextConfiguration = [WebMergedContextConfiguration@1a920154 testClass = MemberRepositoryTest, locations = '{}', classes = '{class com.pitter.Application}', contextInitializerClasses = '[]', activeProfiles = '{}', propertySourceLocations = '{}', propertySourceProperties = '{org.springframework.boot.test.context.SpringBootTestContextBootstrapper=true}', contextCustomizers = set[org.springframework.boot.test.autoconfigure.properties.PropertyMappingContextCustomizer@0, org.springframework.boot.test.autoconfigure.web.servlet.WebDriverContextCustomizerFactory$Customizer@2cc44ad, org.springframework.boot.test.context.filter.ExcludeFilterContextCustomizer@6ebf0f36, org.springframework.boot.test.json.DuplicateJsonObjectContextCustomizerFactory$DuplicateJsonObjectContextCustomizer@72c28d64, org.springframework.boot.test.mock.mockito.MockitoContextCustomizer@0, org.springframework.boot.test.web.client.TestRestTemplateContextCustomizer@7216fb24], resourceBasePath = 'src/main/webapp', contextLoader = 'org.springframework.boot.test.context.SpringBootContextLoader', parent = [null]], attributes = map['org.springframework.test.context.web.ServletTestExecutionListener.activateListener' -> true, 'org.springframework.test.context.web.ServletTestExecutionListener.populatedRequestContextHolder' -> true, 'org.springframework.test.context.web.ServletTestExecutionListener.resetRequestContextHolder' -> true]]
2022-01-15 01:53:12.005  INFO 11380 --- [    Test worker] o.s.t.c.transaction.TransactionContext   : Began transaction (1) for test context [DefaultTestContext@1c0f32ad testClass = MemberRepositoryTest, testInstance = com.pitter.domain.repository.MemberRepositoryTest@efe75a2, testMethod = save_fail_nickName_empty_String@MemberRepositoryTest, testException = [null], mergedContextConfiguration = [WebMergedContextConfiguration@1a920154 testClass = MemberRepositoryTest, locations = '{}', classes = '{class com.pitter.Application}', contextInitializerClasses = '[]', activeProfiles = '{}', propertySourceLocations = '{}', propertySourceProperties = '{org.springframework.boot.test.context.SpringBootTestContextBootstrapper=true}', contextCustomizers = set[org.springframework.boot.test.autoconfigure.properties.PropertyMappingContextCustomizer@0, org.springframework.boot.test.autoconfigure.web.servlet.WebDriverContextCustomizerFactory$Customizer@2cc44ad, org.springframework.boot.test.context.filter.ExcludeFilterContextCustomizer@6ebf0f36, org.springframework.boot.test.json.DuplicateJsonObjectContextCustomizerFactory$DuplicateJsonObjectContextCustomizer@72c28d64, org.springframework.boot.test.mock.mockito.MockitoContextCustomizer@0, org.springframework.boot.test.web.client.TestRestTemplateContextCustomizer@7216fb24], resourceBasePath = 'src/main/webapp', contextLoader = 'org.springframework.boot.test.context.SpringBootContextLoader', parent = [null]], attributes = map['org.springframework.test.context.web.ServletTestExecutionListener.activateListener' -> true, 'org.springframework.test.context.web.ServletTestExecutionListener.populatedRequestContextHolder' -> true, 'org.springframework.test.context.web.ServletTestExecutionListener.resetRequestContextHolder' -> true]]; transaction manager [org.springframework.orm.jpa.JpaTransactionManager@7e474bd]; rollback [true]
Hibernate: 
    call next value for hibernate_sequence
2022-01-15 01:53:12.010  INFO 11380 --- [    Test worker] o.s.t.c.transaction.TransactionContext   : Rolled back transaction for test: [DefaultTestContext@1c0f32ad testClass = MemberRepositoryTest, testInstance = com.pitter.domain.repository.MemberRepositoryTest@efe75a2, testMethod = save_fail_nickName_empty_String@MemberRepositoryTest, testException = [null], mergedContextConfiguration = [WebMergedContextConfiguration@1a920154 testClass = MemberRepositoryTest, locations = '{}', classes = '{class com.pitter.Application}', contextInitializerClasses = '[]', activeProfiles = '{}', propertySourceLocations = '{}', propertySourceProperties = '{org.springframework.boot.test.context.SpringBootTestContextBootstrapper=true}', contextCustomizers = set[org.springframework.boot.test.autoconfigure.properties.PropertyMappingContextCustomizer@0, org.springframework.boot.test.autoconfigure.web.servlet.WebDriverContextCustomizerFactory$Customizer@2cc44ad, org.springframework.boot.test.context.filter.ExcludeFilterContextCustomizer@6ebf0f36, org.springframework.boot.test.json.DuplicateJsonObjectContextCustomizerFactory$DuplicateJsonObjectContextCustomizer@72c28d64, org.springframework.boot.test.mock.mockito.MockitoContextCustomizer@0, org.springframework.boot.test.web.client.TestRestTemplateContextCustomizer@7216fb24], resourceBasePath = 'src/main/webapp', contextLoader = 'org.springframework.boot.test.context.SpringBootContextLoader', parent = [null]], attributes = map['org.springframework.test.context.web.ServletTestExecutionListener.activateListener' -> true, 'org.springframework.test.context.web.ServletTestExecutionListener.populatedRequestContextHolder' -> true, 'org.springframework.test.context.web.ServletTestExecutionListener.resetRequestContextHolder' -> true]]
2022-01-15 01:53:12.012  INFO 11380 --- [    Test worker] o.s.t.c.transaction.TransactionContext   : Began transaction (1) for test context [DefaultTestContext@1c0f32ad testClass = MemberRepositoryTest, testInstance = com.pitter.domain.repository.MemberRepositoryTest@57f31caf, testMethod = save_fail_nickName_length_is_GreaterEqual_than_2@MemberRepositoryTest, testException = [null], mergedContextConfiguration = [WebMergedContextConfiguration@1a920154 testClass = MemberRepositoryTest, locations = '{}', classes = '{class com.pitter.Application}', contextInitializerClasses = '[]', activeProfiles = '{}', propertySourceLocations = '{}', propertySourceProperties = '{org.springframework.boot.test.context.SpringBootTestContextBootstrapper=true}', contextCustomizers = set[org.springframework.boot.test.autoconfigure.properties.PropertyMappingContextCustomizer@0, org.springframework.boot.test.autoconfigure.web.servlet.WebDriverContextCustomizerFactory$Customizer@2cc44ad, org.springframework.boot.test.context.filter.ExcludeFilterContextCustomizer@6ebf0f36, org.springframework.boot.test.json.DuplicateJsonObjectContextCustomizerFactory$DuplicateJsonObjectContextCustomizer@72c28d64, org.springframework.boot.test.mock.mockito.MockitoContextCustomizer@0, org.springframework.boot.test.web.client.TestRestTemplateContextCustomizer@7216fb24], resourceBasePath = 'src/main/webapp', contextLoader = 'org.springframework.boot.test.context.SpringBootContextLoader', parent = [null]], attributes = map['org.springframework.test.context.web.ServletTestExecutionListener.activateListener' -> true, 'org.springframework.test.context.web.ServletTestExecutionListener.populatedRequestContextHolder' -> true, 'org.springframework.test.context.web.ServletTestExecutionListener.resetRequestContextHolder' -> true]]; transaction manager [org.springframework.orm.jpa.JpaTransactionManager@7e474bd]; rollback [true]
Hibernate: 
    call next value for hibernate_sequence
[...]
2022-01-15 01:53:12.026  INFO 11380 --- [    Test worker] o.s.t.c.transaction.TransactionContext   : Began transaction (1) for test context [DefaultTestContext@1c0f32ad testClass = MemberRepositoryTest, testInstance = com.pitter.domain.repository.MemberRepositoryTest@8d0253b, testMethod = save_fail_password_blank_white_space@MemberRepositoryTest, testException = [null], mergedContextConfiguration = [WebMergedContextConfiguration@1a920154 testClass = MemberRepositoryTest, locations = '{}', classes = '{class com.pitter.Application}', contextInitializerClasses = '[]', activeProfiles = '{}', propertySourceLocations = '{}', propertySourceProperties = '{org.springframework.boot.test.context.SpringBootTestContextBootstrapper=true}', contextCustomizers = set[org.springframework.boot.test.autoconfigure.properties.PropertyMappingContextCustomizer@0, org.springframework.boot.test.autoconfigure.web.servlet.WebDriverContextCustomizerFactory$Customizer@2cc44ad, org.springframework.boot.test.context.filter.ExcludeFilterContextCustomizer@6ebf0f36, org.springframework.boot.test.json.DuplicateJsonObjectContextCustomizerFactory$DuplicateJsonObjectContextCustomizer@72c28d64, org.springframework.boot.test.mock.mockito.MockitoContextCustomizer@0, org.springframework.boot.test.web.client.TestRestTemplateContextCustomizer@7216fb24], resourceBasePath = 'src/main/webapp', contextLoader = 'org.springframework.boot.test.context.SpringBootContextLoader', parent = [null]], attributes = map['org.springframework.test.context.web.ServletTestExecutionListener.activateListener' -> true, 'org.springframework.test.context.web.ServletTestExecutionListener.populatedRequestContextHolder' -> true, 'org.springframework.test.context.web.ServletTestExecutionListener.resetRequestContextHolder' -> true]]; transaction manager [org.springframework.orm.jpa.JpaTransactionManager@7e474bd]; rollback [true]
Hibernate: 
    call next value for hibernate_sequence
2022-01-15 01:53:12.030  INFO 11380 --- [    Test worker] o.s.t.c.transaction.TransactionContext   : Rolled back transaction for test: [DefaultTestContext@1c0f32ad testClass = MemberRepositoryTest, testInstance = com.pitter.domain.repository.MemberRepositoryTest@8d0253b, testMethod = save_fail_password_blank_white_space@MemberRepositoryTest, testException = [null], mergedContextConfiguration = [WebMergedContextConfiguration@1a920154 testClass = MemberRepositoryTest, locations = '{}', classes = '{class com.pitter.Application}', contextInitializerClasses = '[]', activeProfiles = '{}', propertySourceLocations = '{}', propertySourceProperties = '{org.springframework.boot.test.context.SpringBootTestContextBootstrapper=true}', contextCustomizers = set[org.springframework.boot.test.autoconfigure.properties.PropertyMappingContextCustomizer@0, org.springframework.boot.test.autoconfigure.web.servlet.WebDriverContextCustomizerFactory$Customizer@2cc44ad, org.springframework.boot.test.context.filter.ExcludeFilterContextCustomizer@6ebf0f36, org.springframework.boot.test.json.DuplicateJsonObjectContextCustomizerFactory$DuplicateJsonObjectContextCustomizer@72c28d64, org.springframework.boot.test.mock.mockito.MockitoContextCustomizer@0, org.springframework.boot.test.web.client.TestRestTemplateContextCustomizer@7216fb24], resourceBasePath = 'src/main/webapp', contextLoader = 'org.springframework.boot.test.context.SpringBootContextLoader', parent = [null]], attributes = map['org.springframework.test.context.web.ServletTestExecutionListener.activateListener' -> true, 'org.springframework.test.context.web.ServletTestExecutionListener.populatedRequestContextHolder' -> true, 'org.springframework.test.context.web.ServletTestExecutionListener.resetRequestContextHolder' -> true]]
2022-01-15 01:53:12.032  INFO 11380 --- [    Test worker] o.s.t.c.transaction.TransactionContext   : Began transaction (1) for test context [DefaultTestContext@1c0f32ad testClass = MemberRepositoryTest, testInstance = com.pitter.domain.repository.MemberRepositoryTest@27115d45, testMethod = findByEmail_fail_NoneExistEmail@MemberRepositoryTest, testException = [null], mergedContextConfiguration = [WebMergedContextConfiguration@1a920154 testClass = MemberRepositoryTest, locations = '{}', classes = '{class com.pitter.Application}', contextInitializerClasses = '[]', activeProfiles = '{}', propertySourceLocations = '{}', propertySourceProperties = '{org.springframework.boot.test.context.SpringBootTestContextBootstrapper=true}', contextCustomizers = set[org.springframework.boot.test.autoconfigure.properties.PropertyMappingContextCustomizer@0, org.springframework.boot.test.autoconfigure.web.servlet.WebDriverContextCustomizerFactory$Customizer@2cc44ad, org.springframework.boot.test.context.filter.ExcludeFilterContextCustomizer@6ebf0f36, org.springframework.boot.test.json.DuplicateJsonObjectContextCustomizerFactory$DuplicateJsonObjectContextCustomizer@72c28d64, org.springframework.boot.test.mock.mockito.MockitoContextCustomizer@0, org.springframework.boot.test.web.client.TestRestTemplateContextCustomizer@7216fb24], resourceBasePath = 'src/main/webapp', contextLoader = 'org.springframework.boot.test.context.SpringBootContextLoader', parent = [null]], attributes = map['org.springframework.test.context.web.ServletTestExecutionListener.activateListener' -> true, 'org.springframework.test.context.web.ServletTestExecutionListener.populatedRequestContextHolder' -> true, 'org.springframework.test.context.web.ServletTestExecutionListener.resetRequestContextHolder' -> true]]; transaction manager [org.springframework.orm.jpa.JpaTransactionManager@7e474bd]; rollback [true]
Hibernate: 
    select
        member0_.member_id as member_i1_1_,
        member0_.created_by as created_2_1_,
        member0_.created_date as created_3_1_,
        member0_.last_modified_by as last_mod4_1_,
        member0_.last_modified_date as last_mod5_1_,
        member0_.email as email6_1_,
        member0_.nick_name as nick_nam7_1_ 
    from
        member member0_ 
    where
        member0_.email=?
2022-01-15 01:53:12.035  INFO 11380 --- [    Test worker] o.s.t.c.transaction.TransactionContext   : Rolled back transaction for test: [DefaultTestContext@1c0f32ad testClass = MemberRepositoryTest, testInstance = com.pitter.domain.repository.MemberRepositoryTest@27115d45, testMethod = findByEmail_fail_NoneExistEmail@MemberRepositoryTest, testException = [null], mergedContextConfiguration = [WebMergedContextConfiguration@1a920154 testClass = MemberRepositoryTest, locations = '{}', classes = '{class com.pitter.Application}', contextInitializerClasses = '[]', activeProfiles = '{}', propertySourceLocations = '{}', propertySourceProperties = '{org.springframework.boot.test.context.SpringBootTestContextBootstrapper=true}', contextCustomizers = set[org.springframework.boot.test.autoconfigure.properties.PropertyMappingContextCustomizer@0, org.springframework.boot.test.autoconfigure.web.servlet.WebDriverContextCustomizerFactory$Customizer@2cc44ad, org.springframework.boot.test.context.filter.ExcludeFilterContextCustomizer@6ebf0f36, org.springframework.boot.test.json.DuplicateJsonObjectContextCustomizerFactory$DuplicateJsonObjectContextCustomizer@72c28d64, org.springframework.boot.test.mock.mockito.MockitoContextCustomizer@0, org.springframework.boot.test.web.client.TestRestTemplateContextCustomizer@7216fb24], resourceBasePath = 'src/main/webapp', contextLoader = 'org.springframework.boot.test.context.SpringBootContextLoader', parent = [null]], attributes = map['org.springframework.test.context.web.ServletTestExecutionListener.activateListener' -> true, 'org.springframework.test.context.web.ServletTestExecutionListener.populatedRequestContextHolder' -> true, 'org.springframework.test.context.web.ServletTestExecutionListener.resetRequestContextHolder' -> true]]
2022-01-15 01:53:12.036  INFO 11380 --- [    Test worker] o.s.t.c.transaction.TransactionContext   : Began transaction (1) for test context [DefaultTestContext@1c0f32ad testClass = MemberRepositoryTest, testInstance = com.pitter.domain.repository.MemberRepositoryTest@3edb09b9, testMethod = findByNickName_success@MemberRepositoryTest, testException = [null], mergedContextConfiguration = [WebMergedContextConfiguration@1a920154 testClass = MemberRepositoryTest, locations = '{}', classes = '{class com.pitter.Application}', contextInitializerClasses = '[]', activeProfiles = '{}', propertySourceLocations = '{}', propertySourceProperties = '{org.springframework.boot.test.context.SpringBootTestContextBootstrapper=true}', contextCustomizers = set[org.springframework.boot.test.autoconfigure.properties.PropertyMappingContextCustomizer@0, org.springframework.boot.test.autoconfigure.web.servlet.WebDriverContextCustomizerFactory$Customizer@2cc44ad, org.springframework.boot.test.context.filter.ExcludeFilterContextCustomizer@6ebf0f36, org.springframework.boot.test.json.DuplicateJsonObjectContextCustomizerFactory$DuplicateJsonObjectContextCustomizer@72c28d64, org.springframework.boot.test.mock.mockito.MockitoContextCustomizer@0, org.springframework.boot.test.web.client.TestRestTemplateContextCustomizer@7216fb24], resourceBasePath = 'src/main/webapp', contextLoader = 'org.springframework.boot.test.context.SpringBootContextLoader', parent = [null]], attributes = map['org.springframework.test.context.web.ServletTestExecutionListener.activateListener' -> true, 'org.springframework.test.context.web.ServletTestExecutionListener.populatedRequestContextHolder' -> true, 'org.springframework.test.context.web.ServletTestExecutionListener.resetRequestContextHolder' -> true]]; transaction manager [org.springframework.orm.jpa.JpaTransactionManager@7e474bd]; rollback [true]
Hibernate: 
    call next value for hibernate_sequence
Hibernate: 
    insert 
    into
        member
        (created_by, created_date, last_modified_by, last_modified_date, email, nick_name, member_id) 
    values
        (?, ?, ?, ?, ?, ?, ?)
Hibernate: 
    select
        member0_.member_id as member_i1_1_,
        member0_.created_by as created_2_1_,
        member0_.created_date as created_3_1_,
        member0_.last_modified_by as last_mod4_1_,
        member0_.last_modified_date as last_mod5_1_,
        member0_.email as email6_1_,
        member0_.nick_name as nick_nam7_1_ 
    from
        member member0_ 
    where
        member0_.nick_name=?
2022-01-15 01:53:12.044  INFO 11380 --- [    Test worker] o.s.t.c.transaction.TransactionContext   : Rolled back transaction for test: [DefaultTestContext@1c0f32ad testClass = MemberRepositoryTest, testInstance = com.pitter.domain.repository.MemberRepositoryTest@3edb09b9, testMethod = findByNickName_success@MemberRepositoryTest, testException = [null], mergedContextConfiguration = [WebMergedContextConfiguration@1a920154 testClass = MemberRepositoryTest, locations = '{}', classes = '{class com.pitter.Application}', contextInitializerClasses = '[]', activeProfiles = '{}', propertySourceLocations = '{}', propertySourceProperties = '{org.springframework.boot.test.context.SpringBootTestContextBootstrapper=true}', contextCustomizers = set[org.springframework.boot.test.autoconfigure.properties.PropertyMappingContextCustomizer@0, org.springframework.boot.test.autoconfigure.web.servlet.WebDriverContextCustomizerFactory$Customizer@2cc44ad, org.springframework.boot.test.context.filter.ExcludeFilterContextCustomizer@6ebf0f36, org.springframework.boot.test.json.DuplicateJsonObjectContextCustomizerFactory$DuplicateJsonObjectContextCustomizer@72c28d64, org.springframework.boot.test.mock.mockito.MockitoContextCustomizer@0, org.springframework.boot.test.web.client.TestRestTemplateContextCustomizer@7216fb24], resourceBasePath = 'src/main/webapp', contextLoader = 'org.springframework.boot.test.context.SpringBootContextLoader', parent = [null]], attributes = map['org.springframework.test.context.web.ServletTestExecutionListener.activateListener' -> true, 'org.springframework.test.context.web.ServletTestExecutionListener.populatedRequestContextHolder' -> true, 'org.springframework.test.context.web.ServletTestExecutionListener.resetRequestContextHolder' -> true]]
2022-01-15 01:53:12.046  INFO 11380 --- [    Test worker] o.s.t.c.transaction.TransactionContext   : Began transaction (1) for test context [DefaultTestContext@1c0f32ad testClass = MemberRepositoryTest, testInstance = com.pitter.domain.repository.MemberRepositoryTest@29e8c09c, testMethod = save_fail_nickName_blank_white_space@MemberRepositoryTest, testException = [null], mergedContextConfiguration = [WebMergedContextConfiguration@1a920154 testClass = MemberRepositoryTest, locations = '{}', classes = '{class com.pitter.Application}', contextInitializerClasses = '[]', activeProfiles = '{}', propertySourceLocations = '{}', propertySourceProperties = '{org.springframework.boot.test.context.SpringBootTestContextBootstrapper=true}', contextCustomizers = set[org.springframework.boot.test.autoconfigure.properties.PropertyMappingContextCustomizer@0, org.springframework.boot.test.autoconfigure.web.servlet.WebDriverContextCustomizerFactory$Customizer@2cc44ad, org.springframework.boot.test.context.filter.ExcludeFilterContextCustomizer@6ebf0f36, org.springframework.boot.test.json.DuplicateJsonObjectContextCustomizerFactory$DuplicateJsonObjectContextCustomizer@72c28d64, org.springframework.boot.test.mock.mockito.MockitoContextCustomizer@0, org.springframework.boot.test.web.client.TestRestTemplateContextCustomizer@7216fb24], resourceBasePath = 'src/main/webapp', contextLoader = 'org.springframework.boot.test.context.SpringBootContextLoader', parent = [null]], attributes = map['org.springframework.test.context.web.ServletTestExecutionListener.activateListener' -> true, 'org.springframework.test.context.web.ServletTestExecutionListener.populatedRequestContextHolder' -> true, 'org.springframework.test.context.web.ServletTestExecutionListener.resetRequestContextHolder' -> true]]; transaction manager [org.springframework.orm.jpa.JpaTransactionManager@7e474bd]; rollback [true]
Hibernate: 
    call next value for hibernate_sequence
2022-01-15 01:53:12.049  INFO 11380 --- [    Test worker] o.s.t.c.transaction.TransactionContext   : Rolled back transaction for test: [DefaultTestContext@1c0f32ad testClass = MemberRepositoryTest, testInstance = com.pitter.domain.repository.MemberRepositoryTest@29e8c09c, testMethod = save_fail_nickName_blank_white_space@MemberRepositoryTest, testException = [null], mergedContextConfiguration = [WebMergedContextConfiguration@1a920154 testClass = MemberRepositoryTest, locations = '{}', classes = '{class com.pitter.Application}', contextInitializerClasses = '[]', activeProfiles = '{}', propertySourceLocations = '{}', propertySourceProperties = '{org.springframework.boot.test.context.SpringBootTestContextBootstrapper=true}', contextCustomizers = set[org.springframework.boot.test.autoconfigure.properties.PropertyMappingContextCustomizer@0, org.springframework.boot.test.autoconfigure.web.servlet.WebDriverContextCustomizerFactory$Customizer@2cc44ad, org.springframework.boot.test.context.filter.ExcludeFilterContextCustomizer@6ebf0f36, org.springframework.boot.test.json.DuplicateJsonObjectContextCustomizerFactory$DuplicateJsonObjectContextCustomizer@72c28d64, org.springframework.boot.test.mock.mockito.MockitoContextCustomizer@0, org.springframework.boot.test.web.client.TestRestTemplateContextCustomizer@7216fb24], resourceBasePath = 'src/main/webapp', contextLoader = 'org.springframework.boot.test.context.SpringBootContextLoader', parent = [null]], attributes = map['org.springframework.test.context.web.ServletTestExecutionListener.activateListener' -> true, 'org.springframework.test.context.web.ServletTestExecutionListener.populatedRequestContextHolder' -> true, 'org.springframework.test.context.web.ServletTestExecutionListener.resetRequestContextHolder' -> true]]
2022-01-15 01:53:12.051  INFO 11380 --- [    Test worker] o.s.t.c.transaction.TransactionContext   : Began transaction (1) for test context [DefaultTestContext@1c0f32ad testClass = MemberRepositoryTest, testInstance = com.pitter.domain.repository.MemberRepositoryTest@1dbe592f, testMethod = save_fail_password_contains_no_upper_case@MemberRepositoryTest, testException = [null], mergedContextConfiguration = [WebMergedContextConfiguration@1a920154 testClass = MemberRepositoryTest, locations = '{}', classes = '{class com.pitter.Application}', contextInitializerClasses = '[]', activeProfiles = '{}', propertySourceLocations = '{}', propertySourceProperties = '{org.springframework.boot.test.context.SpringBootTestContextBootstrapper=true}', contextCustomizers = set[org.springframework.boot.test.autoconfigure.properties.PropertyMappingContextCustomizer@0, org.springframework.boot.test.autoconfigure.web.servlet.WebDriverContextCustomizerFactory$Customizer@2cc44ad, org.springframework.boot.test.context.filter.ExcludeFilterContextCustomizer@6ebf0f36, org.springframework.boot.test.json.DuplicateJsonObjectContextCustomizerFactory$DuplicateJsonObjectContextCustomizer@72c28d64, org.springframework.boot.test.mock.mockito.MockitoContextCustomizer@0, org.springframework.boot.test.web.client.TestRestTemplateContextCustomizer@7216fb24], resourceBasePath = 'src/main/webapp', contextLoader = 'org.springframework.boot.test.context.SpringBootContextLoader', parent = [null]], attributes = map['org.springframework.test.context.web.ServletTestExecutionListener.activateListener' -> true, 'org.springframework.test.context.web.ServletTestExecutionListener.populatedRequestContextHolder' -> true, 'org.springframework.test.context.web.ServletTestExecutionListener.resetRequestContextHolder' -> true]]; transaction manager [org.springframework.orm.jpa.JpaTransactionManager@7e474bd]; rollback [true]
Hibernate: 
    call next value for hibernate_sequence
2022-01-15 01:53:12.055  INFO 11380 --- [    Test worker] o.s.t.c.transaction.TransactionContext   : Rolled back transaction for test: [DefaultTestContext@1c0f32ad testClass = MemberRepositoryTest, testInstance = com.pitter.domain.repository.MemberRepositoryTest@1dbe592f, testMethod = save_fail_password_contains_no_upper_case@MemberRepositoryTest, testException = [null], mergedContextConfiguration = [WebMergedContextConfiguration@1a920154 testClass = MemberRepositoryTest, locations = '{}', classes = '{class com.pitter.Application}', contextInitializerClasses = '[]', activeProfiles = '{}', propertySourceLocations = '{}', propertySourceProperties = '{org.springframework.boot.test.context.SpringBootTestContextBootstrapper=true}', contextCustomizers = set[org.springframework.boot.test.autoconfigure.properties.PropertyMappingContextCustomizer@0, org.springframework.boot.test.autoconfigure.web.servlet.WebDriverContextCustomizerFactory$Customizer@2cc44ad, org.springframework.boot.test.context.filter.ExcludeFilterContextCustomizer@6ebf0f36, org.springframework.boot.test.json.DuplicateJsonObjectContextCustomizerFactory$DuplicateJsonObjectContextCustomizer@72c28d64, org.springframework.boot.test.mock.mockito.MockitoContextCustomizer@0, org.springframework.boot.test.web.client.TestRestTemplateContextCustomizer@7216fb24], resourceBasePath = 'src/main/webapp', contextLoader = 'org.springframework.boot.test.context.SpringBootContextLoader', parent = [null]], attributes = map['org.springframework.test.context.web.ServletTestExecutionListener.activateListener' -> true, 'org.springframework.test.context.web.ServletTestExecutionListener.populatedRequestContextHolder' -> true, 'org.springframework.test.context.web.ServletTestExecutionListener.resetRequestContextHolder' -> true]]
]]></system-out>
  <system-err><![CDATA[]]></system-err>
</testsuite>
